node   1  (   0,    0) (   4,    3) (   5,    4) (   3,    4) (   1,    4) (   1,    0) (   1,    0) (   1,    1) (   1,    2) (   1,    0)
          (   1,    0) (   1,    2) (   1,    0) (   1,    0) (   1,    0) (   1,    0) (   1,    0) (   1,    1) (   1,    1) (   1,    0)
          (   1,    1) (   1,    0) (   1,    1) (   1,    1) (   1,    0) (   1,    2) (   1,    2) (   1,    0) (   1,    1) (   1,    1)
          (   1,    1) (   1,    1) (   1,    1) (   1,    2) (   1,    2) (   1,    1) (   1,    2) (   1,    0) (   1,    0) (   1,    3)
          (   1,    0) (   1,    1) (   1,    0) (   1,    0) (   1,    1) (   1,    1) (   1,    2) (   1,    1) (   1,    1) (   1,    2)
          (   1,    3) (   1,    1) (   1,    0) (   1,    1) (   0,    0) (   1,    2) (   1,    1) (   1,    0) (   1,    0) (   1,    0)
          (   1,    1) (   1,    0) (   1,    1) (   0,    2) (   1,    0) (   1,    1) (   0,    0) (   1,    1) (   0,    2) (   1,    0)
          (   1,    1) (   1,    0) (   1,    0) (   1,    2) (   1,    0) (   1,    0) (   1,    0) (   1,    2) (   1,    1) (   1,    1)
          (   1,    0) (   0,    1) (   1,    0) (   1,    1) (   1,    2) (   1,    0) (   1,    1) (   0,    3) (   1,    2) (   1,    0)
          (   1,    0) (   1,    0) (   1,    0) (   1,    2) (   1,    2) (   1,    1) (   1,    0) (   1,    0) (   0,    0) (   1,    0)
          (   1,    0) (   1,    1) (   0,    0) (   1,    1) (   1,    1) (   1,    3) (   1,    2) (   1,    0) (   1,    1) (   1,    0)
          (   0,    2) (   1,    0) (   1,    2) (   1,    3) (   1,    1) (   1,    1) (   1,    2) (   1,    1) (   1,    0) (   1,    2)
          (   1,    1) (   1,    1) (   1,    1) (   1,    0) (   0,    0) (   0,    2) (   1,    2) (   1,    2) (   1,    0) (   1,    4)
          (   1,    1) (   1,    3) (   1,    0) (   1,    0) (   1,    2) (   1,    2) (   1,    1) (   1,    2) (   1,    0) (   0,    0)
          (   1,    0) (   1,    2) (   1,    0) (   1,    1) (   1,    0) (   1,    2) (   1,    0) (   1,    1) (   0,    3) (   1,    0)
          (   0,    2) (   1,    0) (   1,    1) (   1,    1) (   1,    0) (   1,    0) (   1,    1) (   1,    1) (   1,    0) (   1,    0)
          (   1,    1) (   1,    2) (   1,    0) (   1,    1) (   1,    2) (   1,    0) (   1,    1) (   1,    2) (   1,    0) (   0,    0)
          (   1,    1) (   1,    1) (   1,    1) (   0,    1) (   1,    2) (   1,    1) (   1,    1) (   1,    1) (   1,    0) (   0,    1)
          (   1,    2) (   0,    1) (   1,    1) (   1,    0) (   1,    0) (   1,    1) (   1,    0) (   1,    0) (   1,    3) (   1,    1)
          (   1,    0) (   1,    1) (   1,    1) (   1,    0) (   0,    1) (   0,    1) (   1,    0) (   1,    1) (   1,    2) (   1,    0)
          (   1,    1) (   1,    0) (   1,    0) (   1,    1) (   1,    1) (   1,    1) (   1,    0) (   1,    1) (   1,    2) (   1,    0)
          (   1,    2) (   1,    2) (   1,    1) (   1,    1) (   1,    3) (   1,    0) (   1,    2) (   1,    1) (   0,    2) (   1,    0)
          (   1,    1) (   1,    1) (   1,    1) (   1,    1) (   1,    0) (   1,    0) (   1,    0) (   1,    0) (   0,    3) (   1,    1)
          (   0,    0) (   1,    1) (   1,    1) (   1,    0) (   1,    0) (   0,    0) (   1,    1) (   1,    1) (   1,    1) (   1,    2)
          (   1,    0) (   0,    1) (   1,    1) (   1,    0) (   0,    2) (   1,    0) (   1,    1) (   1,    1) (   1,    0) (   1,    1)
          (   1,    0) (   1,    0) (   0,    0) (   1,    0) (   0,    0) (   1,    0) (   1,    2) (   1,    1) (   1,    1) (   1,    0)
          (   1,    1) (   1,    1) (   1,    0) (   1,    0) (   1,    1) (   1,    0) (   1,    0) (   1,    1) (   1,    1) (   1,    0)
          (   1,    1) (   1,    0) (   0,    0) (   1,    1) (   1,    0) (   1,    2) (   1,    1) (   1,    0) (   1,    1) (   1,    2)
          (   1,    1) (   1,    1) (   0,    1) (   1,    0) (   0,    0) (   1,    1) (   1,    0) (   1,    3) (   1,    2) (   1,    1)
          (   1,    0) (   1,    1) (   1,    1) (   1,    3) (   1,    2) (   0,    0) (   1,    0) (   1,    0) (   1,    2) (   1,    1)
          (   1,    2) (   1,    0) (   1,    1) (   1,    1) (   1,    1) (   1,    1) (   1,    2) (   1,    3) (   1,    0) (   1,    0)
          (   1,    0) (   1,    0) (   1,    1) (   1,    1) (   1,    1) (   1,    1) (   1,    1) (   1,    2) (   1,    2) (   1,    1)
          (   1,    4) (   1,    1) (   1,    1) (   1,    0) (   1,    1) (   1,    0) (   1,    2) (   1,    1) (   1,    0) (   1,    1)
          (   1,    1) (   1,    3) (   1,    2) (   1,    1) (   1,    1) (   1,    2) (   1,    0) (   1,    0) (   1,    2) (   1,    3)
          (   1,    1) (   1,    0) (   1,    2) (   1,    0) (   1,    0) (   1,    1) (   1,    2) (   1,    3) (   1,    2) (   1,    0)
          (   1,    1) (   1,    1) (   1,    0) (   1,    1) (   1,    2) (   1,    2) (   1,    2) (   1,    0) (   1,    2) (   1,    0)
          (   1,    2) (   1,    1) (   1,    1) (   1,    1) (   1,    1) (   1,    1) (   1,    1) (   1,    3) (   1,    0) (   1,    1)
          (   1,    0) (   1,    1) (   1,    1) (   1,    2) (   1,    1) (   1,    1) (   1,    1) (   1,    0) (   1,    1) (   1,    4)
          (   1,    1) (   1,    2) (   1,    0) (   1,    0) (   1,    2) (   1,    2) (   1,    0) (   1,    0) (   1,    1) (   1,    1)
          (   1,    2) (   1,    1) (   1,    0) (   1,    1) (   1,    3) (   1,    1) (   1,    2) (   1,    1) (   1,    0) (   1,    1)
          (   1,    2) (   1,    0) (   1,    1) (   1,    0) (   1,    0) (   1,    1) (   1,    2) (   1,    1) (   1,    2) (   1,    0)
          (   1,    0) (   1,    2) (   1,    0) (   1,    0) (   1,    0) (   1,    1) (   1,    0) (   1,    1) (   1,    0) (   1,    2)
          (   1,    2) (   1,    0) (   1,    1) (   1,    0) (   1,    1) (   1,    1) (   1,    1) (   1,    0) (   1,    2) (   1,    0)
          (   1,    0) (   1,    1) (   1,    0) (   1,    1) (   1,    1) (   1,    1) (   1,    0) (   1,    2) (   1,    1) (   1,    0)
          (   1,    1) (   1,    2) (   1,    1) (   1,    2) (   1,    1) (   1,    0) (   1,    0) (   1,    0) (   1,    1) (   1,    2)
          (   1,    1) (   1,    2) (   1,    1) (   1,    2) (   1,    4) (   1,    1) (   1,    1) (   1,    2) (   1,    0) (   1,    0)
          (   1,    1) (   1,    0) (   1,    2) (   1,    1) (   1,    1) (   1,    0) (   1,    0) (   1,    1) (   1,    1) (   1,    1)
          (   1,    2) (   1,    2) (   1,    0) (   1,    0) (   1,    1) (   1,    0) (   1,    0) (   1,    2) (   1,    0) (   1,    1)
          (   1,    0) (   1,    2) (   1,    2) (   1,    2) (   1,    3) (   1,    3) (   1,    0) (   1,    2) (   1,    1) (   1,    0)
          (   1,    0) (   1,    3) (   1,    3) (   1,    1) (   1,    1) (   1,    2) (   1,    3) (   1,    0) (   1,    0) (   1,    1)
          (   1,    1) (   1,    0) (   1,    0) (   1,    3) (   1,    0) (   1,    2) (   1,    1) (   1,    0) (   1,    2) (   1,    0)
          (   1,    0) (   1,    4) (   1,    0) (   1,    0) (   1,    0) (   1,    1) (   1,    0) (   1,    1) (   1,    2) (   1,    1)
          (   1,    0) (   1,    0) (   1,    1) (   1,    0) (   1,    5) (   1,    0) (   1,    2) (   1,    1) (   1,    2) (   1,    1)
          (   1,    2) (   1,    0) (   1,    1) (   1,    1) (   1,    1) (   1,    1) (   1,    0) (   1,    1) (   1,    0) (   1,    0)
          (   1,    0) (   1,    0) (   1,    2) (   1,    1) (   1,    1) (   1,    1) (   1,    1) (   1,    0) (   1,    1) (   1,    1)
          (   1,    2) (   1,    0) (   1,    1) (   1,    0) (   1,    1) (   1,    0) (   1,    1) (   1,    1) (   1,    0) (   1,    1)
          (   1,    0) (   1,    1) (   1,    3) (   1,    0) (   1,    2) (   1,    0) (   1,    1) (   1,    0) (   1,    1) (   1,    3)
          (   1,    1) (   1,    1) (   1,    1) (   1,    1) (   1,    0) (   1,    1) (   1,    2) (   1,    1) (   1,    1) (   1,    3)
          (   1,    0) (   1,    3) (   1,    1) (   1,    1) (   1,    0) (   1,    1) (   1,    1) (   1,    3) (   1,    0) (   1,    2)
          (   1,    1) (   1,    2) (   1,    0) (   1,    1) (   1,    1) (   1,    2) (   1,    1) (   1,    0) (   1,    0) (   1,    1)
          (   1,    3) (   1,    3) (   1,    2) (   1,    0) (   1,    1) (   1,    2) (   1,    1) (   1,    1) (   1,    0) (   1,    0)
          (   1,    1) (   1,    1) (   1,    0) (   1,    2) (   1,    1) (   1,    2) (   1,    1) (   1,    1) (   1,    1) (   1,    0)
          (   1,    1) (   1,    2) (   1,    1) (   1,    1) (   1,    0) (   1,    0) (   1,    2) (   1,    0) (   1,    0) (   1,    0)
          (   1,    2) (   1,    2) (   1,    2) (   1,    0) (   1,    2) (   1,    2) (   1,    1) (   1,    1) (   1,    0) (   1,    0)
          (   1,    1) (   1,    2) (   1,    1) (   1,    2) (   1,    1) (   1,    2) (   1,    0) (   1,    0) (   1,    0) (   1,    0)
          (   1,    3) (   1,    1) (   1,    0) (   1,    1) (   1,    1) (   1,    0) (   1,    1) (   1,    0) (   1,    1) (   1,    1)
          (   1,    1) (   1,    1) (   1,    2) (   1,    1) (   1,    1) (   1,    0) (   1,    0) (   1,    0) (   1,    0) (   1,    2)
          (   1,    1) (   1,    0) (   1,    0) (   1,    2) (   1,    2) (   1,    0) (   1,    1) (   1,    1) (   1,    1) (   1,    1)
          (   1,    2) (   1,    1) (   1,    1) (   1,    1) (   1,    1) (   1,    0) (   1,    2) (   1,    1) (   1,    1) (   1,    0)
          (   1,    0) (   1,    1) (   1,    0) (   1,    0) (   1,    1) (   1,    0) (   1,    2) (   1,    1) (   1,    0) (   1,    0)
         
node   1 sent_total    676  recv_total    669

node   2  (   1,    0) (   0,    0) (   1,    1) (   1,    1) (   1,    1) (   1,    2) (   1,    2) (   1,    0) (   1,    2) (   1,    0)
          (   1,    0) (   1,    1) (   1,    3) (   1,    1) (   1,    0) (   1,    0) (   1,    1) (   1,    1) (   1,    4) (   1,    1)
          (   1,    1) (   1,    0) (   1,    1) (   1,    0) (   1,    1) (   1,    0) (   1,    1) (   1,    0) (   1,    0) (   1,    1)
          (   1,    2) (   1,    1) (   1,    1) (   1,    1) (   1,    1) (   1,    3) (   1,    1) (   1,    1) (   1,    2) (   1,    1)
          (   1,    0) (   1,    1) (   1,    4) (   1,    2) (   1,    3) (   1,    0) (   1,    0) (   1,    1) (   1,    1) (   1,    1)
          (   1,    1) (   1,    1) (   1,    0) (   1,    0) (   1,    2) (   1,    0) (   1,    3) (   1,    3) (   1,    0) (   1,    1)
          (   0,    1) (   0,    0) (   1,    1) (   1,    1) (   1,    1) (   1,    2) (   1,    1) (   1,    1) (   1,    0) (   1,    2)
          (   1,    0) (   1,    1) (   1,    0) (   1,    2) (   1,    0) (   1,    0) (   1,    0) (   1,    0) (   1,    0) (   1,    1)
          (   1,    1) (   0,    0) (   1,    2) (   1,    1) (   1,    1) (   0,    1) (   1,    2) (   1,    0) (   1,    2) (   1,    2)
          (   1,    1) (   1,    1) (   1,    1) (   0,    2) (   1,    1) (   1,    1) (   1,    0) (   1,    1) (   1,    2) (   1,    1)
          (   1,    3) (   1,    0) (   1,    1) (   1,    1) (   1,    0) (   1,    0) (   1,    0) (   1,    3) (   1,    0) (   1,    0)
          (   0,    0) (   1,    0) (   1,    1) (   1,    0) (   1,    1) (   1,    1) (   1,    1) (   1,    1) (   0,    0) (   1,    0)
          (   0,    0) (   1,    1) (   1,    1) (   1,    1) (   1,    1) (   1,    0) (   1,    0) (   1,    2) (   1,    1) (   1,    0)
          (   1,    1) (   1,    1) (   1,    1) (   1,    0) (   1,    0) (   1,    0) (   1,    1) (   0,    0) (   1,    1) (   1,    1)
          (   1,    2) (   1,    1) (   1,    2) (   0,    2) (   1,    1) (   1,    1) (   1,    1) (   1,    1) (   1,    0) (   1,    0)
          (   1,    1) (   1,    1) (   1,    2) (   1,    2) (   1,    1) (   1,    0) (   1,    0) (   1,    1) (   1,    4) (   1,    0)
          (   1,    1) (   1,    0) (   1,    0) (   1,    0) (   0,    0) (   1,    0) (   1,    1) (   1,    0) (   1,    0) (   1,    2)
          (   0,    0) (   1,    1) (   1,    0) (   1,    0) (   0,    0) (   1,    0) (   0,    1) (   1,    0) (   1,    0) (   1,    0)
          (   1,    0) (   0,    1) (   1,    2) (   1,    3) (   1,    0) (   1,    1) (   1,    0) (   1,    1) (   1,    0) (   1,    2)
          (   1,    1) (   1,    1) (   1,    1) (   1,    0) (   1,    1) (   1,    0) (   1,    2) (   1,    0) (   1,    0) (   1,    1)
          (   1,    0) (   0,    2) (   1,    1) (   1,    0) (   1,    1) (   1,    0) (   1,    1) (   1,    0) (   1,    1) (   1,    1)
          (   0,    1) (   1,    1) (   0,    1) (   1,    1) (   1,    1) (   0,    1) (   1,    2) (   1,    2) (   1,    0) (   1,    1)
          (   1,    3) (   1,    0) (   1,    0) (   1,    1) (   1,    1) (   1,    1) (   0,    2) (   1,    1) (   1,    1) (   1,    0)
          (   1,    2) (   1,    1) (   1,    0) (   1,    0) (   0,    2) (   1,    0) (   1,    2) (   0,    0) (   1,    1) (   1,    1)
          (   1,    1) (   1,    0) (   1,    2) (   1,    1) (   1,    2) (   1,    1) (   1,    1) (   0,    1) (   0,    2) (   0,    0)
          (   1,    1) (   1,    3) (   1,    2) (   1,    1) (   1,    0) (   1,    1) (   1,    0) (   0,    2) (   1,    1) (   1,    2)
          (   1,    2) (   1,    2) (   1,    1) (   1,    1) (   1,    2) (   1,    1) (   1,    1) (   1,    0) (   1,    0) (   1,    1)
          (   1,    0) (   1,    1) (   1,    2) (   0,    0) (   0,    1) (   1,    0) (   1,    0) (   1,    2) (   0,    0) (   1,    0)
          (   1,    1) (   1,    0) (   1,    3) (   1,    1) (   1,    2) (   1,    2) (   1,    1) (   1,    2) (   1,    1) (   1,    1)
          (   1,    3) (   1,    2) (   1,    2) (   1,    1) (   1,    1) (   1,    1) (   1,    2) (   1,    0) (   1,    2) (   1,    0)
          (   1,    0) (   1,    0) (   1,    1) (   1,    1) (   1,    1) (   1,    0) (   1,    1) (   1,    1) (   1,    0) (   1,    0)
          (   1,    1) (   1,    0) (   1,    0) (   1,    3) (   1,    1) (   1,    2) (   1,    0) (   1,    1) (   1,    1) (   1,    0)
          (   1,    1) (   1,    2) (   1,    1) (   1,    1) (   1,    2) (   1,    4) (   1,    2) (   1,    2) (   1,    1) (   1,    2)
          (   1,    0) (   1,    1) (   1,    2) (   1,    0) (   1,    2) (   1,    0) (   1,    0) (   1,    0) (   1,    1) (   1,    1)
          (   1,    2) (   1,    0) (   1,    2) (   1,    1) (   1,    1) (   1,    1) (   1,    3) (   1,    1) (   1,    1) (   1,    1)
          (   1,    1) (   1,    1) (   1,    1) (   1,    0) (   1,    1) (   1,    2) (   1,    0) (   1,    0) (   1,    0) (   1,    3)
          (   1,    1) (   1,    1) (   1,    1) (   1,    1) (   1,    2) (   1,    2) (   1,    1) (   1,    0) (   1,    3) (   1,    3)
          (   1,    0) (   1,    3) (   1,    1) (   1,    0) (   1,    1) (   1,    0) (   1,    0) (   1,    1) (   1,    0) (   1,    1)
          (   1,    0) (   1,    0) (   1,    3) (   1,    3) (   1,    1) (   1,    0) (   1,    0) (   1,    2) (   1,    3) (   1,    1)
          (   1,    0) (   1,    0) (   1,    3) (   1,    1) (   1,    2) (   1,    1) (   1,    2) (   1,    2) (   1,    2) (   1,    0)
          (   1,    0) (   1,    0) (   1,    2) (   1,    1) (   1,    2) (   1,    1) (   1,    0) (   1,    3) (   1,    0) (   1,    2)
          (   1,    2) (   1,    1) (   1,    2) (   1,    1) (   1,    1) (   1,    1) (   1,    0) (   1,    0) (   1,    1) (   1,    0)
          (   1,    0) (   1,    1) (   1,    0) (   1,    0) (   1,    1) (   1,    1) (   1,    2) (   1,    0) (   1,    0) (   1,    2)
          (   1,    1) (   1,    1) (   1,    1) (   1,    0) (   1,    1) (   1,    0) (   1,    2) (   1,    2) (   1,    1) (   1,    0)
          (   1,    1) (   1,    1) (   1,    0) (   1,    0) (   1,    1) (   1,    1) (   1,    1) (   1,    0) (   1,    1) (   1,    1)
          (   1,    3) (   1,    0) (   1,    1) (   1,    0) (   1,    0) (   1,    3) (   1,    1) (   1,    1) (   1,    2) (   1,    0)
          (   1,    3) (   1,    1) (   1,    1) (   1,    2) (   1,    0) (   1,    1) (   1,    1) (   1,    1) (   1,    4) (   1,    2)
          (   1,    1) (   1,    2) (   1,    2) (   1,    1) (   1,    1) (   1,    0) (   1,    3) (   1,    0) (   1,    3) (   1,    0)
          (   1,    1) (   1,    1) (   1,    2) (   1,    1) (   1,    1) (   1,    0) (   1,    1) (   1,    1) (   1,    1) (   1,    1)
          (   1,    2) (   1,    2) (   1,    0) (   1,    1) (   1,    0) (   1,    1) (   1,    1) (   1,    2) (   1,    1) (   1,    1)
          (   1,    0) (   1,    1) (   1,    2) (   1,    0) (   1,    0) (   1,    0) (   1,    0) (   1,    1) (   1,    0) (   1,    1)
          (   1,    2) (   1,    1) (   1,    0) (   1,    1) (   1,    1) (   1,    1) (   1,    1) (   1,    3) (   1,    1) (   1,    2)
          (   1,    2) (   1,    0) (   1,    0) (   1,    1) (   1,    0) (   1,    0) (   1,    2) (   1,    3) (   1,    1) (   1,    2)
          (   1,    1) (   1,    0) (   1,    0) (   1,    2) (   1,    1) (   1,    2) (   1,    0) (   1,    2) (   1,    2) (   1,    1)
          (   1,    1) (   1,    0) (   1,    1) (   1,    0) (   1,    3) (   1,    2) (   1,    0) (   1,    0) (   1,    1) (   1,    0)
          (   1,    1) (   1,    0) (   1,    1) (   1,    2) (   1,    1) (   1,    4) (   1,    4) (   1,    0) (   1,    0) (   1,    0)
          (   1,    0) (   1,    1) (   1,    0) (   1,    0) (   1,    0) (   1,    0) (   1,    3) (   1,    1) (   1,    1) (   1,    1)
          (   1,    1) (   1,    0) (   1,    0) (   1,    1) (   1,    1) (   1,    2) (   1,    2) (   1,    1) (   1,    0) (   1,    0)
          (   1,    2) (   1,    1) (   1,    0) (   1,    1) (   1,    1) (   1,    0) (   1,    2) (   1,    1) (   1,    2) (   1,    3)
          (   1,    0) (   1,    1) (   1,    0) (   1,    2) (   1,    3) (   1,    0) (   1,    0) (   1,    2) (   1,    0) (   1,    0)
          (   1,    0) (   1,    0) (   1,    0) (   1,    1) (   1,    0) (   1,    2) (   1,    1) (   1,    1) (   1,    1) (   1,    0)
          (   1,    1) (   1,    0) (   1,    0) (   1,    0) (   1,    0) (   1,    1) (   1,    0) (   1,    3) (   1,    1) (   1,    3)
          (   1,    1) (   1,    1) (   1,    0) (   1,    1) (   1,    2) (   1,    2) (   1,    2) (   1,    2) (   1,    0) (   1,    2)
          (   1,    0) (   1,    2) (   1,    1) (   1,    2) (   1,    3) (   1,    2) (   1,    1) (   1,    0) (   1,    2) (   1,    1)
          (   1,    0) (   1,    0) (   1,    2) (   1,    0) (   1,    1) (   1,    1) (   1,    2) (   1,    0) (   1,    1) (   1,    0)
          (   1,    1) (   1,    1) (   1,    0) (   1,    2) (   1,    2) (   1,    2) (   1,    1) (   1,    0) (   1,    1) (   1,    1)
          (   1,    2) (   1,    1) (   1,    1) (   1,    0) (   1,    0) (   1,    2) (   1,    1) (   1,    0) (   1,    0) (   1,    2)
          (   1,    1) (   1,    2) (   1,    0) (   1,    2) (   1,    0) (   1,    2) (   1,    0) (   1,    1) (   1,    0) (   1,    0)
          (   1,    2) (   1,    2) (   1,    1) (   1,    0) (   1,    1) (   1,    0) (   1,    0) (   1,    0) (   1,    1) (   1,    1)
          (   1,    0) (   1,    1) (   1,    0) (   1,    0) (   1,    2) (   1,    3) (   1,    0) (   1,    0) (   1,    3) (   1,    2)
         
node   2 sent_total    670  recv_total    685

node   3  (   1,    0) (   0,    0) (   1,    2) (   1,    0) (   1,    1) (   1,    3) (   1,    2) (   1,    2) (   1,    1) (   1,    1)
          (   1,    0) (   1,    1) (   1,    2) (   1,    2) (   1,    2) (   1,    0) (   1,    1) (   1,    0) (   1,    0) (   1,    1)
          (   1,    0) (   1,    0) (   1,    1) (   1,    0) (   1,    2) (   1,    1) (   1,    0) (   1,    1) (   1,    2) (   1,    2)
          (   1,    1) (   1,    2) (   1,    1) (   1,    1) (   1,    2) (   1,    2) (   1,    0) (   1,    0) (   1,    0) (   1,    0)
          (   1,    2) (   1,    0) (   1,    3) (   1,    1) (   1,    1) (   1,    0) (   1,    0) (   1,    0) (   1,    0) (   1,    3)
          (   1,    1) (   0,    1) (   1,    0) (   0,    0) (   1,    1) (   1,    0) (   1,    1) (   1,    1) (   1,    0) (   1,    1)
          (   1,    0) (   1,    0) (   1,    0) (   0,    3) (   1,    2) (   1,    1) (   1,    3) (   1,    4) (   1,    1) (   1,    1)
          (   1,    0) (   1,    0) (   1,    1) (   1,    0) (   1,    2) (   1,    1) (   1,    1) (   1,    0) (   0,    2) (   1,    0)
          (   1,    0) (   1,    0) (   1,    0) (   1,    1) (   1,    2) (   1,    1) (   1,    0) (   1,    0) (   1,    0) (   1,    2)
          (   1,    2) (   1,    1) (   1,    0) (   1,    0) (   1,    0) (   0,    0) (   0,    2) (   1,    2) (   1,    1) (   1,    1)
          (   1,    0) (   1,    1) (   1,    0) (   1,    0) (   1,    2) (   1,    0) (   1,    0) (   0,    1) (   1,    0) (   1,    3)
          (   1,    0) (   1,    3) (   1,    1) (   1,    2) (   1,    1) (   1,    3) (   1,    0) (   1,    0) (   1,    1) (   1,    0)
          (   1,    0) (   1,    1) (   0,    1) (   1,    2) (   1,    0) (   0,    0) (   1,    0) (   1,    2) (   1,    2) (   1,    0)
          (   1,    1) (   1,    1) (   1,    2) (   1,    0) (   1,    1) (   1,    1) (   1,    0) (   1,    1) (   1,    0) (   1,    1)
          (   1,    1) (   1,    0) (   1,    0) (   1,    2) (   1,    1) (   1,    0) (   1,    1) (   1,    0) (   1,    1) (   1,    1)
          (   1,    0) (   1,    0) (   1,    0) (   1,    1) (   1,    2) (   0,    3) (   1,    1) (   1,    4) (   1,    1) (   1,    2)
          (   1,    3) (   1,    3) (   1,    1) (   1,    1) (   1,    1) (   0,    0) (   1,    1) (   1,    0) (   1,    1) (   1,    0)
          (   1,    1) (   1,    1) (   1,    0) (   1,    3) (   1,    0) (   1,    0) (   1,    3) (   1,    0) (   1,    0) (   1,    1)
          (   1,    1) (   1,    0) (   1,    0) (   1,    0) (   1,    2) (   0,    2) (   1,    0) (   1,    2) (   1,    0) (   1,    1)
          (   1,    4) (   1,    0) (   1,    2) (   0,    2) (   1,    1) (   1,    0) (   1,    1) (   1,    0) (   1,    0) (   1,    0)
          (   1,    1) (   1,    0) (   1,    0) (   1,    0) (   0,    2) (   1,    0) (   1,    1) (   1,    1) (   1,    1) (   1,    1)
          (   0,    1) (   1,    2) (   1,    1) (   0,    0) (   1,    0) (   1,    0) (   1,    0) (   1,    0) (   1,    0) (   1,    1)
          (   1,    0) (   1,    2) (   1,    1) (   1,    1) (   1,    1) (   1,    0) (   0,    3) (   1,    2) (   1,    2) (   0,    2)
          (   1,    0) (   0,    0) (   1,    0) (   1,    1) (   1,    2) (   1,    2) (   1,    1) (   1,    0) (   1,    2) (   1,    1)
          (   1,    0) (   1,    0) (   1,    2) (   0,    1) (   1,    0) (   1,    2) (   1,    1) (   1,    2) (   1,    1) (   1,    2)
          (   0,    0) (   1,    0) (   1,    2) (   1,    2) (   1,    1) (   1,    2) (   1,    2) (   1,    0) (   1,    0) (   1,    1)
          (   1,    0) (   1,    0) (   1,    3) (   1,    1) (   1,    0) (   1,    1) (   1,    0) (   0,    3) (   1,    0) (   1,    0)
          (   1,    2) (   1,    0) (   1,    1) (   1,    1) (   1,    0) (   1,    1) (   1,    1) (   1,    1) (   1,    3) (   0,    1)
          (   1,    0) (   1,    1) (   1,    2) (   1,    1) (   1,    1) (   1,    0) (   1,    3) (   1,    2) (   1,    0) (   1,    0)
          (   1,    0) (   1,    1) (   1,    3) (   1,    1) (   1,    1) (   1,    3) (   1,    1) (   1,    1) (   1,    2) (   1,    1)
          (   1,    1) (   1,    0) (   1,    2) (   1,    1) (   1,    0) (   1,    1) (   1,    0) (   1,    0) (   1,    1) (   1,    1)
          (   1,    1) (   1,    1) (   1,    2) (   1,    0) (   1,    1) (   1,    3) (   1,    1) (   1,    0) (   1,    0) (   1,    1)
          (   1,    3) (   1,    0) (   1,    2) (   1,    0) (   1,    1) (   1,    1) (   1,    1) (   1,    0) (   1,    0) (   1,    1)
          (   1,    1) (   1,    0) (   1,    1) (   1,    1) (   1,    1) (   1,    1) (   1,    3) (   1,    1) (   1,    1) (   1,    1)
          (   1,    1) (   1,    1) (   1,    0) (   1,    1) (   1,    2) (   1,    0) (   1,    2) (   1,    0) (   1,    1) (   1,    1)
          (   1,    0) (   1,    1) (   1,    1) (   1,    0) (   1,    0) (   1,    2) (   1,    1) (   1,    2) (   1,    2) (   1,    0)
          (   1,    1) (   1,    0) (   1,    1) (   1,    1) (   1,    1) (   1,    2) (   1,    0) (   1,    0) (   1,    2) (   1,    1)
          (   1,    1) (   1,    2) (   1,    0) (   1,    1) (   1,    1) (   1,    3) (   1,    0) (   1,    1) (   1,    0) (   1,    0)
          (   1,    2) (   1,    2) (   1,    1) (   1,    0) (   1,    0) (   1,    1) (   1,    2) (   1,    2) (   1,    1) (   1,    1)
          (   1,    0) (   1,    1) (   1,    1) (   1,    2) (   1,    1) (   1,    1) (   1,    0) (   1,    1) (   1,    0) (   1,    0)
          (   1,    1) (   1,    1) (   1,    1) (   1,    1) (   1,    2) (   1,    1) (   1,    1) (   1,    0) (   1,    3) (   1,    1)
          (   1,    1) (   1,    2) (   1,    0) (   1,    4) (   1,    0) (   1,    1) (   1,    1) (   1,    0) (   1,    0) (   1,    3)
          (   1,    0) (   1,    3) (   1,    1) (   1,    1) (   1,    2) (   1,    0) (   1,    1) (   1,    2) (   1,    4) (   1,    0)
          (   1,    1) (   1,    1) (   1,    1) (   1,    1) (   1,    1) (   1,    0) (   1,    1) (   1,    0) (   1,    0) (   1,    1)
          (   1,    0) (   1,    1) (   1,    0) (   1,    3) (   1,    2) (   1,    0) (   1,    1) (   1,    2) (   1,    0) (   1,    0)
          (   1,    0) (   1,    1) (   1,    0) (   1,    1) (   1,    0) (   1,    0) (   1,    0) (   1,    2) (   1,    2) (   1,    2)
          (   1,    2) (   1,    0) (   1,    0) (   1,    1) (   1,    4) (   1,    2) (   1,    2) (   1,    0) (   1,    0) (   1,    0)
          (   1,    1) (   1,    0) (   1,    1) (   1,    2) (   1,    0) (   1,    2) (   1,    1) (   1,    1) (   1,    2) (   1,    1)
          (   1,    3) (   1,    2) (   1,    0) (   1,    1) (   1,    0) (   1,    0) (   1,    0) (   1,    1) (   1,    1) (   1,    3)
          (   1,    0) (   1,    0) (   1,    1) (   1,    1) (   1,    0) (   1,    1) (   1,    3) (   1,    2) (   1,    3) (   1,    1)
          (   1,    2) (   1,    0) (   1,    2) (   1,    0) (   1,    0) (   1,    3) (   1,    1) (   1,    1) (   1,    2) (   1,    4)
          (   1,    1) (   1,    0) (   1,    1) (   1,    1) (   1,    1) (   1,    2) (   1,    1) (   1,    1) (   1,    2) (   1,    1)
          (   1,    0) (   1,    1) (   1,    2) (   1,    2) (   1,    0) (   1,    1) (   1,    1) (   1,    2) (   1,    0) (   1,    0)
          (   1,    1) (   1,    1) (   1,    3) (   1,    1) (   1,    2) (   1,    2) (   1,    2) (   1,    1) (   1,    0) (   1,    0)
          (   1,    0) (   1,    3) (   1,    0) (   1,    2) (   1,    1) (   1,    0) (   1,    1) (   1,    1) (   1,    0) (   1,    2)
          (   1,    1) (   1,    0) (   1,    0) (   1,    2) (   1,    1) (   1,    0) (   1,    0) (   1,    2) (   1,    2) (   1,    0)
          (   1,    0) (   1,    1) (   1,    2) (   1,    1) (   1,    0) (   1,    1) (   1,    1) (   1,    0) (   1,    0) (   1,    1)
          (   1,    0) (   1,    0) (   1,    1) (   1,    0) (   1,    2) (   1,    1) (   1,    0) (   1,    0) (   1,    1) (   1,    0)
          (   1,    0) (   1,    1) (   1,    1) (   1,    3) (   1,    1) (   1,    1) (   1,    0) (   1,    1) (   1,    2) (   1,    0)
          (   1,    2) (   1,    2) (   1,    3) (   1,    0) (   1,    0) (   1,    4) (   1,    0) (   1,    0) (   1,    1) (   1,    1)
          (   1,    1) (   1,    1) (   1,    2) (   1,    1) (   1,    0) (   1,    1) (   1,    1) (   1,    0) (   1,    4) (   1,    3)
          (   1,    0) (   1,    2) (   1,    1) (   1,    1) (   1,    3) (   1,    4) (   1,    1) (   1,    1) (   1,    2) (   1,    1)
          (   1,    3) (   1,    0) (   1,    3) (   1,    0) (   1,    0) (   1,    0) (   1,    0) (   1,    0) (   1,    3) (   1,    2)
          (   1,    1) (   1,    0) (   1,    1) (   1,    0) (   1,    0) (   1,    0) (   1,    0) (   1,    1) (   1,    1) (   1,    3)
          (   1,    3) (   1,    2) (   1,    0) (   1,    0) (   1,    2) (   1,    0) (   1,    2) (   1,    1) (   1,    0) (   1,    3)
          (   1,    1) (   1,    0) (   1,    0) (   1,    1) (   1,    1) (   1,    1) (   1,    0) (   1,    2) (   1,    0) (   1,    0)
          (   1,    0) (   1,    1) (   1,    0) (   1,    1) (   1,    1) (   1,    0) (   1,    0) (   1,    2) (   1,    1) (   1,    1)
          (   1,    1) (   1,    1) (   1,    3) (   1,    0) (   1,    0) (   1,    0) (   1,    1) (   1,    0) (   1,    3) (   1,    1)
          (   1,    2) (   1,    1) (   1,    0) (   1,    1) (   1,    0) (   1,    1) (   1,    1) (   1,    1) (   1,    3) (   1,    1)
          (   1,    3) (   1,    0) (   1,    1) (   1,    1) (   1,    2) (   1,    1) (   1,    2) (   1,    2) (   1,    2) (   1,    1)
         
node   3 sent_total    676  recv_total    694

node   4  (   1,    0) (   0,    0) (   1,    1) (   1,    0) (   1,    2) (   1,    2) (   1,    1) (   1,    1) (   1,    1) (   1,    0)
          (   1,    1) (   1,    1) (   1,    0) (   1,    1) (   1,    2) (   1,    3) (   1,    4) (   1,    0) (   1,    1) (   1,    0)
          (   1,    3) (   1,    1) (   1,    1) (   1,    1) (   1,    2) (   1,    1) (   1,    2) (   1,    2) (   1,    0) (   1,    0)
          (   1,    1) (   1,    1) (   1,    1) (   1,    2) (   1,    1) (   1,    0) (   1,    2) (   1,    1) (   1,    0) (   1,    2)
          (   1,    1) (   1,    2) (   1,    0) (   1,    1) (   1,    0) (   1,    0) (   1,    4) (   1,    2) (   1,    1) (   1,    1)
          (   1,    0) (   0,    0) (   1,    1) (   0,    0) (   1,    0) (   1,    2) (   1,    2) (   1,    1) (   1,    2) (   1,    0)
          (   1,    1) (   1,    3) (   1,    0) (   1,    0) (   0,    3) (   1,    2) (   1,    0) (   0,    0) (   1,    1) (   0,    1)
          (   1,    3) (   1,    1) (   1,    0) (   1,    2) (   1,    0) (   1,    1) (   1,    2) (   1,    1) (   1,    2) (   1,    2)
          (   1,    1) (   1,    1) (   0,    1) (   1,    1) (   0,    1) (   1,    2) (   1,    0) (   1,    3) (   1,    1) (   1,    1)
          (   0,    0) (   1,    1) (   1,    2) (   1,    2) (   1,    0) (   0,    1) (   1,    1) (   1,    1) (   1,    2) (   1,    1)
          (   1,    2) (   0,    0) (   0,    0) (   0,    0) (   0,    0) (   0,    0) (   0,    0) (   0,    0) (   0,    0) (   0,    0)
          (   0,    0) (   0,    0) (   0,    0) (   0,    0) (   0,    0) (   0,    0) (   0,    0) (   0,    0) (   0,    0) (   0,    0)
          (   0,    0) (   0,    0) (   0,    0) (   0,    0) (   0,    0) (   0,    0) (   0,    0) (   0,    0) (   0,    0) (   0,    0)
          (   0,    0) (   0,    0) (   0,    0) (   0,    0) (   0,    0) (   0,    0) (   0,    0) (   0,    0) (   0,    0) (   0,    0)
          (   0,    0) (   0,    0) (   0,    0) (   0,    0) (   0,    0) (   0,    0) (   0,    0) (   0,    0) (   0,    0) (   0,    0)
          (   0,    0) (   0,    0) (   0,    0) (   0,    0) (   0,    0) (   0,    0) (   0,    0) (   0,    0) (   0,    0) (   0,    0)
          (   0,    0) (   0,    0) (   0,    0) (   0,    0) (   0,    0) (   0,    0) (   0,    0) (   0,    0) (   0,    0) (   0,    0)
          (   0,    0) (   0,    0) (   0,    0) (   0,    0) (   0,    0) (   0,    0) (   0,    0) (   0,    0) (   0,    0) (   0,    0)
          (   0,    0) (   0,    0) (   0,    0) (   0,    0) (   0,    0) (   0,    0) (   0,    0) (   0,    0) (   0,    0) (   0,    0)
          (   0,    0) (   0,    0) (   0,    0) (   0,    0) (   0,    0) (   0,    0) (   0,    0) (   0,    0) (   0,    0) (   0,    0)
          (   0,    0) (   0,    0) (   0,    0) (   0,    0) (   0,    0) (   0,    0) (   0,    0) (   0,    0) (   0,    0) (   0,    0)
          (   0,    0) (   0,    0) (   0,    0) (   0,    0) (   0,    0) (   0,    0) (   0,    0) (   0,    0) (   0,    0) (   0,    0)
          (   0,    0) (   0,    0) (   0,    0) (   0,    0) (   0,    0) (   0,    0) (   0,    0) (   0,    0) (   0,    0) (   0,    0)
          (   0,    0) (   0,    0) (   0,    0) (   0,    0) (   0,    0) (   0,    0) (   0,    0) (   0,    0) (   0,    0) (   0,    0)
          (   0,    0) (   0,    0) (   0,    0) (   0,    0) (   0,    0) (   0,    0) (   0,    0) (   0,    0) (   0,    0) (   0,    0)
          (   0,    0) (   0,    0) (   0,    0) (   0,    0) (   0,    0) (   0,    0) (   0,    0) (   0,    0) (   0,    0) (   0,    0)
          (   0,    0) (   0,    0) (   0,    0) (   0,    0) (   0,    0) (   0,    0) (   0,    0) (   0,    0) (   0,    0) (   0,    0)
          (   0,    0) (   0,    0) (   0,    0) (   0,    0) (   0,    0) (   0,    0) (   0,    0) (   0,    0) (   0,    0) (   0,    0)
          (   0,    0) (   0,    0) (   0,    0) (   0,    0) (   0,    0) (   0,    0) (   0,    0) (   0,    0) (   0,    0) (   0,    0)
          (   0,    0) (   0,    0) (   0,    0) (   0,    0) (   0,    0) (   0,    0) (   0,    0) (   0,    0) (   0,    0) (   0,    0)
          (   0,    0) (   0,    0) (   0,    0) (   0,    0) (   0,    0) (   0,    0) (   0,    0) (   0,    0) (   0,    0) (   0,    0)
          (   0,    0) (   0,    0) (   0,    0) (   0,    0) (   0,    0) (   0,    0) (   0,    0) (   0,    0) (   0,    0) (   0,    0)
          (   0,    0) (   0,    0) (   0,    0) (   0,    0) (   0,    0) (   0,    0) (   0,    0) (   0,    0) (   0,    0) (   0,    0)
          (   0,    0) (   0,    0) (   0,    0) (   0,    0) (   0,    0) (   0,    0) (   0,    0) (   0,    0) (   0,    0) (   0,    0)
          (   0,    0) (   0,    0) (   0,    0) (   0,    0) (   0,    0) (   0,    0) (   0,    0) (   0,    0) (   0,    0) (   0,    0)
          (   0,    0) (   0,    0) (   0,    0) (   0,    0) (   0,    0) (   0,    0) (   0,    0) (   0,    0) (   0,    0) (   0,    0)
          (   0,    0) (   0,    0) (   0,    0) (   0,    0) (   0,    0) (   0,    0) (   0,    0) (   0,    0) (   0,    0) (   0,    0)
          (   0,    0) (   0,    0) (   0,    0) (   0,    0) (   0,    0) (   0,    0) (   0,    0) (   0,    0) (   0,    0) (   0,    0)
          (   0,    0) (   0,    0) (   0,    0) (   0,    0) (   0,    0) (   0,    0) (   0,    0) (   0,    0) (   0,    0) (   0,    0)
          (   0,    0) (   0,    0) (   0,    0) (   0,    0) (   0,    0) (   0,    0) (   0,    0) (   0,    0) (   0,    0) (   0,    0)
          (   0,    0) (   0,    0) (   0,    0) (   0,    0) (   0,    0) (   0,    0) (   0,    0) (   0,    0) (   0,    0) (   0,    0)
          (   0,    0) (   0,    0) (   0,    0) (   0,    0) (   0,    0) (   0,    0) (   0,    0) (   0,    0) (   0,    0) (   0,    0)
          (   0,    0) (   0,    0) (   0,    0) (   0,    0) (   0,    0) (   0,    0) (   0,    0) (   0,    0) (   0,    0) (   0,    0)
          (   0,    0) (   0,    0) (   0,    0) (   0,    0) (   0,    0) (   0,    0) (   0,    0) (   0,    0) (   0,    0) (   0,    0)
          (   0,    0) (   0,    0) (   0,    0) (   0,    0) (   0,    0) (   0,    0) (   0,    0) (   0,    0) (   0,    0) (   0,    0)
          (   0,    0) (   0,    0) (   0,    0) (   0,    0) (   0,    0) (   0,    0) (   0,    0) (   0,    0) (   0,    0) (   0,    0)
          (   0,    0) (   0,    0) (   0,    0) (   0,    0) (   0,    0) (   0,    0) (   0,    0) (   0,    0) (   0,    0) (   0,    0)
          (   0,    0) (   0,    0) (   0,    0) (   0,    0) (   0,    0) (   0,    0) (   0,    0) (   0,    0) (   0,    0) (   0,    0)
          (   0,    0) (   0,    0) (   0,    0) (   0,    0) (   0,    0) (   0,    0) (   0,    0) (   0,    0) (   0,    0) (   0,    0)
          (   0,    0) (   0,    0) (   0,    0) (   0,    0) (   0,    0) (   0,    0) (   0,    0) (   0,    0) (   0,    0) (   0,    0)
          (   0,    0) (   0,    0) (   0,    0) (   0,    0) (   0,    0) (   0,    0) (   0,    0) (   0,    0) (   0,    0) (   0,    0)
          (   0,    0) (   0,    0) (   0,    0) (   0,    0) (   0,    0) (   0,    0) (   0,    0) (   0,    0) (   0,    0) (   0,    0)
          (   0,    0) (   0,    0) (   0,    0) (   0,    0) (   0,    0) (   0,    0) (   0,    0) (   0,    0) (   0,    0) (   0,    0)
          (   0,    0) (   0,    0) (   0,    0) (   0,    0) (   0,    0) (   0,    0) (   0,    0) (   0,    0) (   0,    0) (   0,    0)
          (   0,    0) (   0,    0) (   0,    0) (   0,    0) (   0,    0) (   0,    0) (   0,    0) (   0,    0) (   0,    0) (   0,    0)
          (   0,    0) (   0,    0) (   0,    0) (   0,    0) (   0,    0) (   0,    0) (   0,    0) (   0,    0) (   0,    0) (   0,    0)
          (   0,    0) (   0,    0) (   0,    0) (   0,    0) (   0,    0) (   0,    0) (   0,    0) (   0,    0) (   0,    0) (   0,    0)
          (   0,    0) (   0,    0) (   0,    0) (   0,    0) (   0,    0) (   0,    0) (   0,    0) (   0,    0) (   0,    0) (   0,    0)
          (   0,    0) (   0,    0) (   0,    0) (   0,    0) (   0,    0) (   0,    0) (   0,    0) (   0,    0) (   0,    0) (   0,    0)
          (   0,    0) (   0,    0) (   0,    0) (   0,    0) (   0,    0) (   0,    0) (   0,    0) (   0,    0) (   0,    0) (   0,    0)
          (   0,    0) (   0,    0) (   0,    0) (   0,    0) (   0,    0) (   0,    0) (   0,    0) (   0,    0) (   0,    0) (   0,    0)
          (   0,    0) (   0,    0) (   0,    0) (   0,    0) (   0,    0) (   0,    0) (   0,    0) (   0,    0) (   0,    0) (   0,    0)
          (   0,    0) (   0,    0) (   0,    0) (   0,    0) (   0,    0) (   0,    0) (   0,    0) (   0,    0) (   0,    0) (   0,    0)
          (   0,    0) (   0,    0) (   0,    0) (   0,    0) (   0,    0) (   0,    0) (   0,    0) (   0,    0) (   0,    0) (   0,    0)
          (   0,    0) (   0,    0) (   0,    0) (   0,    0) (   0,    0) (   0,    0) (   0,    0) (   0,    0) (   0,    0) (   0,    0)
          (   0,    0) (   0,    0) (   0,    0) (   0,    0) (   0,    0) (   0,    0) (   0,    0) (   0,    0) (   0,    0) (   0,    0)
          (   0,    0) (   0,    0) (   0,    0) (   0,    0) (   0,    0) (   0,    0) (   0,    0) (   0,    0) (   0,    0) (   0,    0)
          (   0,    0) (   0,    0) (   0,    0) (   0,    0) (   0,    0) (   0,    0) (   0,    0) (   0,    0) (   0,    0) (   0,    0)
          (   0,    0) (   0,    0) (   0,    0) (   0,    0) (   0,    0) (   0,    0) (   0,    0) (   0,    0) (   0,    0) (   0,    0)
          (   0,    0) (   0,    0) (   0,    0) (   0,    0) (   0,    0) (   0,    0) (   0,    0) (   0,    0) (   0,    0) (   0,    0)
         
node   4 sent_total     91  recv_total    115

node   5  (   0,    0) (   1,    0) (   0,    0) (   1,    1) (   1,    0) (   1,    1) (   1,    1) (   1,    2) (   1,    0) (   1,    0)
          (   1,    3) (   1,    0) (   1,    0) (   1,    1) (   1,    1) (   1,    2) (   1,    1) (   1,    0) (   1,    0) (   1,    0)
          (   1,    0) (   1,    1) (   1,    0) (   1,    1) (   1,    0) (   1,    2) (   1,    1) (   1,    1) (   1,    1) (   1,    0)
          (   1,    0) (   1,    0) (   1,    1) (   1,    0) (   1,    2) (   1,    2) (   1,    0) (   1,    1) (   1,    0) (   1,    2)
          (   1,    2) (   1,    3) (   1,    0) (   1,    0) (   1,    0) (   1,    0) (   1,    0) (   1,    2) (   1,    2) (   1,    1)
          (   1,    0) (   1,    1) (   1,    0) (   1,    2) (   1,    1) (   1,    2) (   1,    0) (   1,    2) (   1,    0) (   1,    0)
          (   0,    1) (   1,    0) (   1,    1) (   1,    2) (   1,    0) (   1,    0) (   1,    0) (   1,    1) (   1,    1) (   1,    0)
          (   1,    1) (   1,    2) (   1,    1) (   1,    0) (   1,    2) (   1,    1) (   1,    1) (   1,    2) (   1,    1) (   1,    0)
          (   1,    0) (   1,    1) (   1,    2) (   1,    0) (   1,    2) (   1,    0) (   1,    1) (   1,    1) (   1,    1) (   1,    0)
          (   1,    2) (   1,    1) (   0,    2) (   1,    0) (   1,    2) (   1,    2) (   1,    1) (   1,    0) (   1,    3) (   1,    1)
          (   1,    0) (   1,    1) (   1,    2) (   1,    2) (   1,    2) (   0,    1) (   1,    3) (   1,    2) (   1,    3) (   1,    0)
          (   0,    1) (   1,    0) (   1,    2) (   1,    0) (   1,    1) (   1,    1) (   1,    1) (   1,    1) (   1,    2) (   1,    0)
          (   1,    1) (   1,    2) (   1,    0) (   1,    1) (   1,    1) (   1,    1) (   1,    1) (   1,    1) (   1,    3) (   1,    1)
          (   1,    2) (   1,    0) (   0,    2) (   1,    0) (   1,    1) (   1,    0) (   0,    2) (   1,    0) (   1,    0) (   1,    4)
          (   1,    0) (   1,    3) (   1,    1) (   1,    0) (   1,    0) (   1,    0) (   1,    0) (   1,    1) (   1,    0) (   1,    0)
          (   1,    2) (   1,    1) (   1,    0) (   1,    1) (   1,    0) (   1,    1) (   1,    1) (   1,    1) (   1,    0) (   1,    2)
          (   1,    1) (   1,    0) (   1,    1) (   1,    0) (   1,    2) (   1,    1) (   1,    2) (   0,    1) (   1,    1) (   1,    1)
          (   1,    2) (   1,    1) (   1,    0) (   1,    2) (   1,    0) (   1,    2) (   0,    1) (   0,    0) (   1,    0) (   1,    3)
          (   0,    0) (   1,    0) (   1,    0) (   1,    0) (   1,    3) (   1,    0) (   1,    0) (   1,    1) (   0,    2) (   1,    1)
          (   1,    0) (   1,    0) (   1,    1) (   1,    1) (   1,    2) (   1,    0) (   1,    1) (   1,    0) (   0,    1) (   0,    0)
          (   1,    0) (   0,    2) (   1,    0) (   1,    0) (   1,    2) (   1,    1) (   1,    0) (   1,    1) (   1,    0) (   0,    0)
          (   1,    1) (   1,    1) (   1,    1) (   1,    1) (   1,    0) (   1,    1) (   1,    1) (   1,    0) (   1,    0) (   1,    0)
          (   1,    1) (   1,    1) (   1,    1) (   1,    1) (   1,    0) (   1,    1) (   1,    0) (   1,    0) (   1,    0) (   1,    0)
          (   0,    0) (   0,    1) (   1,    1) (   1,    4) (   1,    2) (   1,    3) (   1,    0) (   1,    1) (   1,    0) (   1,    0)
          (   1,    1) (   1,    1) (   1,    1) (   1,    0) (   1,    1) (   1,    1) (   1,    1) (   1,    1) (   1,    2) (   1,    3)
          (   1,    0) (   1,    1) (   1,    0) (   1,    2) (   1,    2) (   1,    1) (   1,    2) (   1,    2) (   0,    0) (   1,    2)
          (   1,    1) (   1,    2) (   1,    0) (   1,    1) (   1,    2) (   1,    3) (   1,    1) (   0,    1) (   1,    1) (   1,    1)
          (   1,    0) (   1,    0) (   0,    1) (   1,    0) (   1,    1) (   1,    0) (   1,    1) (   0,    1) (   1,    0) (   1,    0)
          (   1,    0) (   1,    0) (   1,    1) (   1,    0) (   1,    1) (   1,    0) (   1,    2) (   1,    0) (   1,    2) (   1,    2)
          (   1,    1) (   1,    1) (   1,    0) (   0,    0) (   1,    0) (   0,    0) (   1,    0) (   0,    2) (   1,    0) (   1,    0)
          (   1,    1) (   1,    2) (   1,    2) (   1,    1) (   1,    2) (   1,    3) (   1,    1) (   1,    0) (   1,    1) (   1,    0)
          (   1,    1) (   1,    1) (   1,    1) (   1,    0) (   1,    2) (   1,    0) (   1,    1) (   1,    0) (   1,    0) (   1,    1)
          (   1,    0) (   1,    1) (   1,    0) (   1,    3) (   1,    1) (   1,    1) (   1,    1) (   1,    2) (   1,    2) (   1,    0)
          (   1,    1) (   1,    1) (   1,    0) (   1,    1) (   1,    1) (   1,    0) (   1,    1) (   1,    1) (   1,    0) (   1,    0)
          (   1,    1) (   1,    0) (   1,    0) (   1,    0) (   1,    2) (   1,    2) (   1,    1) (   1,    0) (   1,    2) (   1,    2)
          (   1,    0) (   1,    2) (   1,    1) (   1,    2) (   1,    1) (   1,    0) (   1,    0) (   1,    0) (   1,    1) (   1,    1)
          (   1,    1) (   1,    0) (   1,    1) (   1,    2) (   1,    1) (   1,    2) (   1,    0) (   1,    0) (   1,    2) (   1,    1)
          (   1,    1) (   1,    0) (   1,    1) (   1,    1) (   1,    1) (   1,    1) (   1,    2) (   1,    1) (   1,    3) (   1,    0)
          (   1,    0) (   1,    1) (   1,    2) (   1,    0) (   1,    0) (   1,    1) (   1,    1) (   1,    0) (   1,    3) (   1,    0)
          (   1,    1) (   1,    1) (   1,    1) (   1,    0) (   1,    0) (   1,    1) (   1,    0) (   1,    3) (   1,    2) (   1,    0)
          (   1,    1) (   1,    1) (   1,    0) (   1,    2) (   1,    2) (   1,    0) (   1,    0) (   1,    2) (   1,    1) (   1,    1)
          (   1,    1) (   1,    0) (   1,    2) (   1,    1) (   1,    1) (   1,    1) (   1,    2) (   1,    1) (   1,    0) (   1,    0)
          (   1,    1) (   1,    0) (   1,    1) (   1,    0) (   1,    0) (   1,    2) (   1,    0) (   1,    2) (   1,    0) (   1,    0)
          (   1,    2) (   1,    0) (   1,    1) (   1,    3) (   1,    2) (   1,    0) (   1,    2) (   1,    0) (   1,    1) (   1,    0)
          (   1,    1) (   1,    1) (   1,    2) (   1,    0) (   1,    2) (   1,    0) (   1,    2) (   1,    2) (   1,    0) (   1,    0)
          (   1,    2) (   1,    2) (   1,    1) (   1,    0) (   1,    2) (   1,    0) (   1,    0) (   1,    1) (   1,    1) (   1,    2)
          (   1,    0) (   1,    0) (   1,    3) (   1,    0) (   1,    0) (   1,    0) (   1,    2) (   1,    0) (   1,    1) (   1,    0)
          (   1,    2) (   1,    1) (   1,    1) (   1,    2) (   1,    0) (   1,    1) (   1,    1) (   1,    1) (   1,    0) (   1,    0)
          (   1,    0) (   1,    1) (   1,    3) (   1,    1) (   1,    2) (   1,    1) (   1,    1) (   1,    2) (   1,    0) (   1,    2)
          (   1,    2) (   1,    0) (   1,    0) (   1,    2) (   1,    0) (   1,    0) (   1,    0) (   1,    1) (   1,    0) (   1,    1)
          (   1,    1) (   1,    0) (   1,    1) (   1,    0) (   1,    2) (   1,    1) (   1,    2) (   1,    1) (   1,    1) (   1,    1)
          (   1,    1) (   1,    1) (   1,    3) (   1,    2) (   1,    2) (   1,    1) (   1,    0) (   1,    0) (   1,    1) (   1,    0)
          (   1,    1) (   1,    1) (   1,    1) (   1,    0) (   1,    2) (   1,    0) (   1,    0) (   1,    0) (   1,    1) (   1,    2)
          (   1,    1) (   1,    1) (   1,    0) (   1,    1) (   1,    1) (   1,    2) (   1,    0) (   1,    1) (   1,    2) (   1,    2)
          (   1,    2) (   1,    1) (   1,    0) (   1,    1) (   1,    0) (   1,    0) (   1,    0) (   1,    2) (   1,    4) (   1,    2)
          (   1,    1) (   1,    0) (   1,    1) (   1,    0) (   1,    0) (   1,    2) (   1,    1) (   1,    1) (   1,    1) (   1,    1)
          (   1,    3) (   1,    0) (   1,    0) (   1,    0) (   1,    2) (   1,    0) (   1,    0) (   1,    0) (   1,    1) (   1,    0)
          (   1,    1) (   1,    2) (   1,    1) (   1,    1) (   1,    2) (   1,    2) (   1,    1) (   1,    1) (   1,    0) (   1,    2)
          (   1,    1) (   1,    1) (   1,    1) (   1,    0) (   1,    1) (   1,    2) (   1,    2) (   1,    1) (   1,    1) (   1,    0)
          (   1,    2) (   1,    1) (   1,    2) (   1,    0) (   1,    0) (   1,    1) (   1,    2) (   1,    1) (   1,    1) (   1,    0)
          (   1,    1) (   1,    0) (   1,    1) (   1,    1) (   1,    1) (   1,    0) (   1,    2) (   1,    0) (   1,    0) (   1,    0)
          (   1,    2) (   1,    3) (   1,    0) (   1,    2) (   1,    1) (   1,    1) (   1,    0) (   1,    0) (   1,    1) (   1,    2)
          (   1,    1) (   1,    2) (   1,    2) (   1,    1) (   1,    2) (   1,    5) (   1,    0) (   1,    0) (   1,    2) (   1,    0)
          (   1,    1) (   1,    0) (   1,    0) (   1,    1) (   1,    1) (   1,    1) (   1,    1) (   1,    3) (   1,    0) (   1,    1)
          (   1,    1) (   1,    1) (   1,    0) (   1,    1) (   1,    0) (   1,    0) (   1,    0) (   1,    1) (   1,    1) (   1,    1)
          (   1,    0) (   1,    1) (   1,    2) (   1,    0) (   1,    1) (   1,    2) (   1,    2) (   1,    2) (   1,    2) (   1,    2)
          (   1,    1) (   1,    2) (   1,    0) (   1,    1) (   1,    1) (   1,    2) (   1,    1) (   1,    2) (   1,    0) (   1,    1)
          (   1,    0) (   1,    3) (   1,    1) (   1,    0) (   1,    1) (   1,    2) (   1,    1) (   1,    1) (   1,    2) (   1,    1)
          (   1,    2) (   1,    0) (   1,    3) (   1,    0) (   1,    0) (   1,    2) (   1,    0) (   1,    0) (   1,    0) (   1,    3)
          (   1,    1) (   1,    2) (   1,    0) (   1,    0) (   1,    1) (   1,    1) (   1,    2) (   1,    1) (   1,    0) (   1,    1)
         
node   5 sent_total    674  recv_total    650

node   6  (   0,    0) (   1,    0) (   0,    0) (   1,    1) (   1,    0) (   1,    1) (   1,    1) (   1,    2) (   1,    0) (   1,    1)
          (   1,    1) (   1,    1) (   1,    2) (   1,    0) (   1,    1) (   1,    2) (   1,    1) (   1,    2) (   1,    0) (   1,    3)
          (   1,    1) (   1,    1) (   1,    2) (   1,    1) (   1,    2) (   1,    0) (   1,    2) (   1,    0) (   1,    2) (   1,    2)
          (   1,    2) (   1,    2) (   1,    2) (   1,    1) (   1,    1) (   1,    1) (   1,    1) (   1,    0) (   1,    2) (   1,    0)
          (   1,    1) (   1,    1) (   1,    1) (   1,    0) (   1,    0) (   1,    5) (   1,    1) (   1,    2) (   1,    1) (   1,    0)
          (   1,    1) (   1,    1) (   1,    0) (   0,    0) (   1,    1) (   1,    1) (   1,    0) (   1,    0) (   1,    0) (   1,    1)
          (   1,    1) (   1,    3) (   1,    2) (   1,    1) (   1,    1) (   1,    0) (   0,    2) (   1,    0) (   1,    1) (   1,    0)
          (   1,    2) (   1,    1) (   1,    1) (   1,    0) (   1,    1) (   0,    1) (   0,    0) (   1,    2) (   1,    1) (   1,    1)
          (   1,    4) (   1,    1) (   1,    1) (   1,    0) (   1,    0) (   1,    1) (   0,    2) (   1,    0) (   1,    0) (   1,    1)
          (   1,    0) (   1,    0) (   1,    2) (   1,    0) (   1,    1) (   1,    0) (   1,    1) (   1,    0) (   1,    1) (   0,    1)
          (   0,    2) (   1,    1) (   0,    2) (   1,    0) (   1,    0) (   1,    1) (   1,    1) (   1,    2) (   1,    1) (   1,    0)
          (   1,    2) (   1,    1) (   1,    1) (   1,    0) (   1,    0) (   1,    0) (   1,    1) (   1,    0) (   1,    1) (   1,    0)
          (   1,    1) (   1,    1) (   1,    1) (   1,    0) (   1,    1) (   1,    0) (   1,    0) (   1,    0) (   1,    0) (   1,    0)
          (   1,    1) (   1,    1) (   0,    0) (   1,    2) (   1,    1) (   1,    1) (   1,    1) (   1,    1) (   1,    0) (   1,    1)
          (   1,    0) (   1,    0) (   1,    1) (   0,    1) (   1,    0) (   1,    0) (   1,    2) (   0,    0) (   1,    0) (   1,    3)
          (   1,    0) (   1,    1) (   1,    2) (   1,    2) (   1,    2) (   1,    1) (   1,    1) (   1,    0) (   1,    0) (   1,    0)
          (   1,    0) (   1,    0) (   1,    1) (   1,    0) (   0,    0) (   1,    2) (   1,    0) (   1,    1) (   1,    1) (   1,    0)
          (   1,    1) (   1,    0) (   1,    0) (   1,    1) (   1,    1) (   1,    2) (   1,    0) (   1,    0) (   1,    1) (   1,    0)
          (   1,    1) (   1,    1) (   1,    1) (   1,    1) (   1,    0) (   0,    1) (   0,    1) (   0,    1) (   1,    0) (   1,    1)
          (   0,    1) (   1,    0) (   1,    0) (   1,    3) (   1,    1) (   1,    4) (   1,    0) (   1,    2) (   1,    3) (   1,    1)
          (   1,    1) (   1,    0) (   1,    1) (   1,    1) (   1,    2) (   1,    1) (   0,    2) (   1,    1) (   1,    1) (   1,    2)
          (   1,    1) (   0,    0) (   1,    0) (   1,    1) (   1,    0) (   1,    3) (   0,    0) (   1,    1) (   1,    3) (   1,    1)
          (   0,    0) (   1,    1) (   1,    1) (   1,    1) (   1,    1) (   1,    1) (   0,    3) (   1,    1) (   1,    0) (   1,    3)
          (   1,    2) (   0,    0) (   1,    1) (   1,    0) (   1,    0) (   1,    1) (   1,    0) (   1,    2) (   1,    0) (   0,    1)
          (   1,    1) (   1,    1) (   1,    0) (   1,    1) (   1,    2) (   1,    1) (   1,    1) (   1,    1) (   0,    0) (   1,    0)
          (   1,    0) (   1,    1) (   1,    2) (   1,    1) (   1,    2) (   1,    1) (   1,    1) (   1,    0) (   1,    1) (   1,    0)
          (   1,    1) (   0,    1) (   0,    0) (   1,    1) (   1,    1) (   1,    1) (   1,    0) (   1,    0) (   1,    2) (   1,    0)
          (   1,    0) (   1,    1) (   1,    1) (   1,    2) (   1,    2) (   1,    2) (   1,    4) (   1,    1) (   1,    0) (   1,    0)
          (   1,    3) (   1,    1) (   1,    0) (   1,    2) (   0,    1) (   1,    2) (   1,    2) (   1,    1) (   1,    1) (   1,    0)
          (   1,    1) (   1,    1) (   0,    1) (   1,    3) (   1,    0) (   1,    2) (   1,    0) (   1,    1) (   1,    0) (   1,    0)
          (   1,    1) (   1,    0) (   1,    1) (   1,    0) (   1,    1) (   1,    0) (   1,    2) (   1,    1) (   1,    0) (   1,    1)
          (   1,    0) (   1,    0) (   1,    2) (   1,    2) (   1,    2) (   1,    1) (   1,    1) (   1,    2) (   1,    1) (   1,    2)
          (   1,    0) (   1,    1) (   1,    1) (   1,    2) (   1,    1) (   1,    0) (   1,    0) (   1,    0) (   1,    0) (   1,    4)
          (   1,    1) (   1,    2) (   1,    2) (   1,    1) (   1,    2) (   1,    1) (   1,    0) (   1,    1) (   1,    0) (   1,    2)
          (   1,    0) (   1,    2) (   1,    1) (   1,    0) (   1,    0) (   1,    0) (   1,    0) (   1,    2) (   1,    0) (   1,    0)
          (   1,    0) (   1,    2) (   1,    2) (   1,    1) (   1,    1) (   1,    2) (   1,    2) (   1,    0) (   1,    0) (   1,    3)
          (   1,    2) (   1,    1) (   1,    1) (   1,    1) (   1,    0) (   1,    1) (   1,    2) (   1,    3) (   1,    1) (   1,    2)
          (   1,    2) (   1,    0) (   1,    0) (   1,    1) (   1,    0) (   1,    1) (   1,    2) (   1,    2) (   1,    1) (   1,    1)
          (   1,    0) (   1,    0) (   1,    0) (   1,    1) (   1,    1) (   1,    2) (   1,    3) (   1,    1) (   1,    0) (   1,    0)
          (   1,    1) (   1,    0) (   1,    1) (   1,    0) (   1,    1) (   1,    0) (   1,    0) (   1,    1) (   1,    1) (   1,    3)
          (   1,    3) (   1,    1) (   1,    0) (   1,    2) (   1,    1) (   1,    1) (   1,    0) (   1,    1) (   1,    2) (   1,    0)
          (   1,    2) (   1,    0) (   1,    1) (   1,    1) (   1,    2) (   1,    0) (   1,    2) (   1,    2) (   1,    0) (   1,    2)
          (   1,    2) (   1,    0) (   1,    2) (   1,    2) (   1,    1) (   1,    3) (   1,    2) (   1,    0) (   1,    0) (   1,    2)
          (   1,    1) (   1,    1) (   1,    0) (   1,    2) (   1,    2) (   1,    1) (   1,    0) (   1,    1) (   1,    2) (   1,    1)
          (   1,    0) (   1,    2) (   1,    2) (   1,    0) (   1,    0) (   1,    2) (   1,    0) (   1,    0) (   1,    0) (   1,    2)
          (   1,    2) (   1,    1) (   1,    0) (   1,    2) (   1,    0) (   1,    1) (   1,    0) (   1,    2) (   1,    2) (   1,    1)
          (   1,    1) (   1,    2) (   1,    2) (   1,    1) (   1,    0) (   1,    2) (   1,    0) (   1,    0) (   1,    0) (   1,    1)
          (   1,    0) (   1,    2) (   1,    1) (   1,    1) (   1,    0) (   1,    1) (   1,    1) (   1,    0) (   1,    2) (   1,    0)
          (   1,    0) (   1,    1) (   1,    0) (   1,    0) (   1,    1) (   1,    0) (   1,    0) (   1,    1) (   1,    1) (   1,    2)
          (   1,    0) (   1,    0) (   1,    1) (   1,    1) (   1,    2) (   1,    1) (   1,    1) (   1,    2) (   1,    1) (   1,    2)
          (   1,    3) (   1,    2) (   1,    0) (   1,    1) (   1,    2) (   1,    0) (   1,    1) (   1,    1) (   1,    2) (   1,    1)
          (   1,    2) (   1,    1) (   1,    2) (   1,    1) (   1,    1) (   1,    3) (   1,    1) (   1,    0) (   1,    0) (   1,    1)
          (   1,    1) (   1,    3) (   1,    0) (   1,    0) (   1,    0) (   1,    1) (   1,    1) (   1,    1) (   1,    2) (   1,    0)
          (   1,    0) (   1,    0) (   1,    1) (   1,    0) (   1,    2) (   1,    0) (   1,    1) (   1,    1) (   1,    3) (   1,    1)
          (   1,    1) (   1,    0) (   1,    3) (   1,    1) (   1,    0) (   1,    0) (   1,    2) (   1,    1) (   1,    1) (   1,    4)
          (   1,    1) (   1,    1) (   1,    3) (   1,    1) (   1,    0) (   1,    1) (   1,    2) (   1,    3) (   1,    0) (   1,    3)
          (   1,    1) (   1,    2) (   1,    2) (   1,    2) (   1,    1) (   1,    3) (   1,    2) (   1,    1) (   1,    3) (   1,    1)
          (   1,    0) (   1,    2) (   1,    0) (   1,    3) (   1,    0) (   1,    2) (   1,    1) (   1,    1) (   1,    2) (   1,    1)
          (   1,    1) (   1,    0) (   1,    2) (   1,    0) (   1,    1) (   1,    2) (   1,    1) (   1,    2) (   1,    3) (   1,    1)
          (   1,    1) (   1,    0) (   1,    1) (   1,    0) (   1,    0) (   1,    0) (   1,    1) (   1,    1) (   1,    3) (   1,    1)
          (   1,    0) (   1,    1) (   1,    1) (   1,    1) (   1,    2) (   1,    0) (   1,    0) (   1,    0) (   1,    1) (   1,    3)
          (   1,    1) (   1,    0) (   1,    0) (   1,    0) (   1,    1) (   1,    0) (   1,    0) (   1,    1) (   1,    0) (   1,    0)
          (   1,    0) (   1,    0) (   1,    0) (   1,    1) (   1,    2) (   1,    0) (   1,    0) (   1,    1) (   1,    0) (   1,    1)
          (   1,    1) (   1,    0) (   1,    1) (   1,    0) (   1,    0) (   1,    1) (   1,    4) (   1,    0) (   1,    1) (   1,    0)
          (   1,    1) (   1,    0) (   1,    3) (   1,    0) (   1,    0) (   1,    1) (   1,    1) (   1,    2) (   1,    0) (   1,    2)
          (   1,    1) (   1,    0) (   1,    3) (   1,    1) (   1,    2) (   1,    0) (   1,    3) (   1,    1) (   1,    0) (   1,    1)
          (   1,    2) (   1,    0) (   1,    1) (   1,    2) (   1,    1) (   1,    0) (   1,    3) (   1,    1) (   1,    1) (   1,    0)
          (   1,    2) (   1,    1) (   1,    1) (   1,    2) (   1,    0) (   1,    1) (   1,    2) (   1,    1) (   1,    1) (   1,    1)
          (   1,    0) (   1,    4) (   1,    1) (   1,    0) (   1,    2) (   1,    0) (   1,    1) (   1,    0) (   1,    0) (   1,    1)
          (   1,    1) (   1,    2) (   1,    2) (   1,    0) (   1,    0) (   1,    1) (   1,    1) (   1,    0) (   1,    1) (   1,    0)
         
node   6 sent_total    670  recv_total    686

node   7  (   0,    0) (   1,    0) (   0,    0) (   1,    1) (   1,    0) (   1,    1) (   1,    0) (   1,    0) (   1,    0) (   1,    1)
          (   1,    3) (   1,    0) (   1,    1) (   1,    0) (   1,    0) (   1,    0) (   1,    1) (   1,    1) (   1,    0) (   1,    1)
          (   1,    1) (   1,    4) (   1,    0) (   1,    3) (   1,    0) (   1,    0) (   1,    0) (   1,    2) (   1,    0) (   1,    0)
          (   1,    0) (   1,    1) (   1,    0) (   1,    0) (   1,    0) (   1,    0) (   1,    1) (   1,    1) (   1,    1) (   1,    1)
          (   1,    1) (   1,    0) (   1,    1) (   1,    3) (   1,    1) (   1,    1) (   1,    0) (   1,    0) (   1,    1) (   1,    1)
          (   1,    2) (   1,    1) (   1,    2) (   1,    2) (   1,    1) (   1,    0) (   1,    0) (   1,    1) (   0,    0) (   0,    3)
          (   1,    0) (   1,    0) (   1,    0) (   1,    0) (   1,    1) (   1,    1) (   1,    2) (   1,    0) (   1,    0) (   1,    1)
          (   1,    1) (   0,    0) (   1,    1) (   1,    0) (   1,    1) (   1,    1) (   1,    4) (   1,    0) (   1,    0) (   1,    2)
          (   1,    2) (   1,    2) (   1,    0) (   1,    1) (   1,    1) (   1,    1) (   1,    1) (   1,    0) (   1,    1) (   1,    0)
          (   1,    0) (   1,    0) (   1,    0) (   1,    0) (   1,    0) (   1,    1) (   1,    0) (   1,    2) (   1,    1) (   0,    2)
          (   1,    0) (   1,    0) (   1,    2) (   1,    1) (   1,    1) (   1,    0) (   1,    0) (   1,    0) (   1,    0) (   1,    1)
          (   1,    0) (   1,    0) (   1,    0) (   1,    1) (   1,    1) (   1,    0) (   1,    1) (   1,    0) (   0,    1) (   1,    2)
          (   1,    1) (   1,    0) (   1,    0) (   0,    0) (   1,    0) (   0,    3) (   1,    1) (   1,    0) (   1,    0) (   1,    1)
          (   1,    1) (   0,    0) (   1,    1) (   1,    1) (   1,    1) (   0,    2) (   1,    1) (   1,    1) (   1,    3) (   1,    0)
          (   1,    0) (   1,    2) (   1,    1) (   0,    1) (   0,    1) (   1,    0) (   1,    0) (   1,    0) (   1,    0) (   1,    2)
          (   1,    2) (   1,    1) (   1,    2) (   1,    2) (   1,    0) (   1,    1) (   1,    2) (   1,    1) (   1,    2) (   1,    1)
          (   1,    0) (   1,    2) (   0,    2) (   1,    1) (   1,    0) (   1,    2) (   1,    1) (   1,    0) (   1,    1) (   1,    1)
          (   1,    1) (   0,    0) (   1,    1) (   1,    1) (   1,    1) (   1,    1) (   1,    0) (   0,    2) (   1,    1) (   1,    1)
          (   1,    2) (   1,    2) (   1,    1) (   1,    3) (   1,    1) (   1,    1) (   1,    1) (   1,    1) (   1,    0) (   0,    0)
          (   1,    1) (   1,    2) (   1,    0) (   1,    0) (   1,    0) (   1,    1) (   1,    1) (   1,    1) (   1,    0) (   1,    1)
          (   1,    1) (   1,    0) (   1,    0) (   1,    2) (   1,    0) (   1,    0) (   1,    0) (   1,    1) (   1,    1) (   1,    2)
          (   1,    0) (   1,    0) (   1,    0) (   1,    1) (   0,    0) (   1,    1) (   1,    1) (   1,    1) (   1,    1) (   1,    3)
          (   1,    0) (   1,    0) (   1,    0) (   1,    0) (   1,    1) (   1,    2) (   1,    1) (   1,    0) (   1,    0) (   0,    1)
          (   1,    0) (   1,    1) (   1,    0) (   1,    2) (   0,    0) (   1,    0) (   1,    2) (   1,    1) (   1,    0) (   1,    0)
          (   1,    1) (   1,    2) (   1,    1) (   1,    1) (   1,    0) (   0,    0) (   1,    2) (   1,    0) (   1,    1) (   1,    0)
          (   1,    3) (   1,    1) (   1,    0) (   1,    0) (   1,    1) (   1,    3) (   1,    0) (   0,    1) (   1,    2) (   1,    1)
          (   1,    1) (   1,    0) (   1,    0) (   1,    0) (   1,    0) (   0,    0) (   1,    2) (   1,    1) (   1,    0) (   1,    3)
          (   1,    2) (   1,    2) (   1,    0) (   1,    1) (   1,    1) (   0,    0) (   1,    0) (   1,    2) (   1,    1) (   1,    2)
          (   1,    1) (   1,    4) (   1,    0) (   1,    1) (   1,    3) (   1,    2) (   1,    0) (   1,    0) (   1,    0) (   1,    0)
          (   1,    0) (   1,    1) (   1,    1) (   1,    0) (   1,    1) (   1,    1) (   1,    1) (   1,    2) (   1,    0) (   1,    0)
          (   1,    1) (   1,    2) (   1,    0) (   1,    1) (   1,    0) (   1,    2) (   1,    2) (   1,    2) (   1,    2) (   1,    1)
          (   1,    0) (   1,    0) (   1,    0) (   1,    0) (   1,    0) (   1,    0) (   1,    2) (   1,    0) (   1,    1) (   1,    2)
          (   1,    0) (   1,    1) (   1,    1) (   1,    0) (   1,    1) (   1,    0) (   1,    0) (   1,    1) (   1,    1) (   1,    0)
          (   1,    3) (   1,    1) (   1,    0) (   1,    1) (   1,    0) (   1,    0) (   1,    3) (   1,    1) (   1,    2) (   1,    0)
          (   1,    1) (   1,    1) (   1,    1) (   1,    2) (   1,    1) (   1,    1) (   1,    0) (   1,    0) (   1,    0) (   1,    1)
          (   1,    2) (   1,    0) (   1,    0) (   1,    1) (   1,    1) (   1,    1) (   1,    0) (   1,    4) (   1,    2) (   1,    1)
          (   1,    0) (   1,    1) (   1,    1) (   1,    0) (   1,    0) (   1,    0) (   1,    1) (   1,    1) (   1,    1) (   1,    0)
          (   1,    1) (   1,    0) (   1,    1) (   1,    1) (   1,    1) (   1,    0) (   1,    1) (   1,    1) (   1,    2) (   1,    1)
          (   1,    2) (   1,    0) (   1,    0) (   1,    2) (   1,    2) (   1,    2) (   1,    1) (   1,    2) (   1,    0) (   1,    2)
          (   1,    0) (   1,    2) (   1,    1) (   1,    0) (   1,    0) (   1,    1) (   1,    1) (   1,    0) (   1,    0) (   1,    2)
          (   1,    1) (   1,    2) (   1,    1) (   1,    0) (   1,    0) (   1,    1) (   1,    1) (   1,    0) (   1,    0) (   1,    3)
          (   1,    1) (   1,    1) (   1,    3) (   1,    0) (   1,    0) (   1,    1) (   1,    0) (   1,    1) (   1,    2) (   1,    0)
          (   1,    0) (   1,    2) (   1,    0) (   1,    1) (   1,    1) (   1,    1) (   1,    1) (   1,    1) (   1,    3) (   1,    0)
          (   1,    1) (   1,    2) (   1,    1) (   1,    0) (   1,    2) (   1,    0) (   1,    1) (   1,    0) (   1,    1) (   1,    1)
          (   1,    1) (   1,    0) (   1,    1) (   1,    1) (   1,    2) (   1,    1) (   1,    0) (   1,    1) (   1,    3) (   1,    1)
          (   1,    0) (   1,    0) (   1,    1) (   1,    0) (   1,    0) (   1,    1) (   1,    1) (   1,    0) (   1,    0) (   1,    2)
          (   1,    1) (   1,    3) (   1,    1) (   1,    2) (   1,    0) (   1,    1) (   1,    1) (   1,    0) (   1,    0) (   1,    1)
          (   1,    2) (   1,    1) (   1,    1) (   1,    2) (   1,    3) (   1,    2) (   1,    0) (   1,    2) (   1,    0) (   1,    2)
          (   1,    1) (   1,    1) (   1,    0) (   1,    1) (   1,    0) (   1,    1) (   1,    1) (   1,    0) (   1,    0) (   1,    1)
          (   1,    1) (   1,    2) (   1,    3) (   1,    1) (   1,    2) (   1,    0) (   1,    0) (   1,    0) (   1,    2) (   1,    2)
          (   1,    1) (   1,    2) (   1,    2) (   1,    2) (   1,    2) (   1,    2) (   1,    2) (   1,    2) (   1,    1) (   1,    0)
          (   1,    2) (   1,    1) (   1,    0) (   1,    0) (   1,    1) (   1,    0) (   1,    3) (   1,    3) (   1,    1) (   1,    2)
          (   1,    1) (   1,    2) (   1,    2) (   1,    2) (   1,    0) (   1,    4) (   1,    0) (   1,    1) (   1,    1) (   1,    2)
          (   1,    0) (   1,    3) (   1,    0) (   1,    2) (   1,    0) (   1,    0) (   1,    2) (   1,    2) (   1,    0) (   1,    1)
          (   1,    1) (   1,    2) (   1,    1) (   1,    0) (   1,    1) (   1,    0) (   1,    0) (   1,    1) (   1,    1) (   1,    0)
          (   1,    1) (   1,    4) (   1,    2) (   1,    1) (   1,    1) (   1,    0) (   1,    0) (   1,    1) (   1,    3) (   1,    1)
          (   1,    1) (   1,    0) (   1,    0) (   1,    3) (   1,    0) (   1,    2) (   1,    1) (   1,    1) (   1,    1) (   1,    1)
          (   1,    0) (   1,    2) (   1,    2) (   1,    1) (   1,    1) (   1,    0) (   1,    0) (   1,    2) (   1,    1) (   1,    0)
          (   1,    2) (   1,    0) (   1,    4) (   1,    1) (   1,    1) (   1,    1) (   1,    1) (   1,    0) (   1,    0) (   1,    0)
          (   1,    0) (   1,    0) (   1,    0) (   1,    2) (   1,    2) (   1,    0) (   1,    1) (   1,    3) (   1,    0) (   1,    0)
          (   1,    1) (   1,    1) (   1,    1) (   1,    2) (   1,    1) (   1,    0) (   1,    0) (   1,    0) (   1,    1) (   1,    0)
          (   1,    1) (   1,    2) (   1,    1) (   1,    0) (   1,    1) (   1,    0) (   1,    1) (   1,    0) (   1,    1) (   1,    0)
          (   1,    0) (   1,    3) (   1,    1) (   1,    2) (   1,    0) (   1,    0) (   1,    1) (   1,    3) (   1,    0) (   1,    2)
          (   1,    2) (   1,    1) (   1,    1) (   1,    0) (   1,    1) (   1,    1) (   1,    0) (   1,    0) (   1,    3) (   1,    0)
          (   1,    0) (   1,    1) (   1,    1) (   1,    2) (   1,    1) (   1,    0) (   1,    3) (   1,    2) (   1,    0) (   1,    1)
          (   1,    2) (   1,    2) (   1,    2) (   1,    0) (   1,    1) (   1,    1) (   1,    0) (   1,    0) (   1,    0) (   1,    1)
          (   1,    0) (   1,    0) (   1,    1) (   1,    1) (   1,    3) (   1,    3) (   1,    0) (   1,    2) (   1,    2) (   1,    0)
          (   1,    0) (   1,    0) (   1,    1) (   1,    0) (   1,    3) (   1,    1) (   1,    0) (   1,    0) (   1,    0) (   1,    0)
          (   1,    1) (   1,    1) (   1,    1) (   1,    4) (   1,    2) (   1,    2) (   1,    0) (   1,    1) (   1,    0) (   1,    0)
          (   1,    2) (   1,    2) (   1,    1) (   1,    2) (   1,    2) (   1,    2) (   1,    0) (   1,    1) (   1,    1) (   1,    0)
         
node   7 sent_total    676  recv_total    639

node   8  (   0,    0) (   1,    0) (   0,    0) (   1,    2) (   1,    0) (   1,    0) (   1,    2) (   1,    2) (   1,    0) (   1,    3)
          (   1,    1) (   1,    2) (   1,    0) (   1,    1) (   1,    0) (   1,    1) (   1,    0) (   1,    3) (   1,    1) (   1,    2)
          (   1,    0) (   1,    1) (   1,    1) (   1,    1) (   1,    1) (   1,    2) (   1,    1) (   1,    3) (   1,    2) (   1,    2)
          (   1,    2) (   1,    1) (   1,    1) (   1,    0) (   1,    0) (   1,    1) (   1,    1) (   1,    1) (   1,    0) (   1,    0)
          (   1,    1) (   1,    0) (   1,    1) (   1,    0) (   1,    3) (   1,    1) (   1,    1) (   1,    2) (   1,    1) (   1,    0)
          (   1,    1) (   0,    1) (   0,    1) (   1,    0) (   1,    0) (   1,    1) (   1,    1) (   1,    0) (   1,    3) (   1,    0)
          (   1,    2) (   1,    0) (   1,    1) (   1,    0) (   1,    0) (   1,    0) (   1,    1) (   1,    1) (   1,    0) (   1,    1)
          (   1,    1) (   1,    1) (   1,    2) (   1,    2) (   1,    1) (   1,    2) (   1,    1) (   1,    1) (   0,    0) (   1,    0)
          (   1,    1) (   1,    0) (   1,    1) (   1,    2) (   1,    0) (   1,    1) (   1,    1) (   1,    1) (   1,    1) (   1,    2)
          (   0,    2) (   1,    3) (   1,    1) (   1,    0) (   0,    0) (   1,    0) (   1,    1) (   1,    0) (   1,    0) (   1,    0)
          (   1,    1) (   1,    0) (   1,    0) (   1,    0) (   0,    1) (   1,    0) (   1,    0) (   1,    0) (   1,    2) (   1,    1)
          (   1,    1) (   1,    2) (   1,    1) (   1,    0) (   1,    1) (   1,    0) (   1,    1) (   1,    2) (   1,    1) (   1,    0)
          (   1,    1) (   0,    0) (   0,    1) (   1,    1) (   1,    1) (   1,    0) (   1,    1) (   1,    1) (   1,    0) (   1,    1)
          (   1,    0) (   1,    2) (   0,    0) (   1,    0) (   1,    1) (   0,    1) (   1,    0) (   1,    2) (   1,    1) (   0,    0)
          (   1,    1) (   1,    0) (   1,    0) (   1,    1) (   1,    3) (   1,    3) (   1,    1) (   1,    2) (   1,    1) (   1,    0)
          (   1,    1) (   1,    1) (   1,    1) (   1,    0) (   1,    3) (   1,    0) (   1,    0) (   1,    1) (   1,    0) (   1,    2)
          (   1,    1) (   1,    0) (   1,    1) (   1,    2) (   1,    0) (   1,    0) (   1,    2) (   1,    1) (   1,    2) (   0,    0)
          (   1,    1) (   1,    1) (   1,    2) (   0,    0) (   1,    1) (   0,    1) (   1,    1) (   1,    2) (   1,    2) (   1,    1)
          (   1,    1) (   1,    2) (   1,    0) (   1,    0) (   1,    1) (   0,    0) (   1,    1) (   0,    0) (   1,    0) (   1,    1)
          (   0,    0) (   0,    3) (   1,    0) (   1,    1) (   1,    1) (   1,    1) (   1,    0) (   1,    4) (   1,    0) (   1,    3)
          (   1,    1) (   1,    1) (   1,    3) (   1,    1) (   1,    0) (   1,    2) (   0,    1) (   1,    1) (   1,    1) (   1,    0)
          (   1,    1) (   1,    1) (   1,    3) (   1,    1) (   1,    1) (   1,    0) (   1,    0) (   1,    0) (   1,    1) (   1,    0)
          (   1,    1) (   1,    1) (   1,    2) (   1,    1) (   1,    3) (   1,    1) (   1,    0) (   1,    0) (   1,    1) (   0,    0)
          (   1,    0) (   1,    0) (   1,    0) (   1,    0) (   1,    2) (   1,    0) (   1,    0) (   1,    1) (   1,    2) (   0,    1)
          (   1,    1) (   1,    1) (   1,    0) (   1,    1) (   1,    0) (   1,    0) (   1,    0) (   1,    1) (   1,    1) (   1,    0)
          (   1,    1) (   0,    1) (   1,    2) (   1,    0) (   1,    2) (   1,    0) (   1,    1) (   1,    1) (   0,    1) (   1,    0)
          (   1,    2) (   1,    1) (   1,    2) (   0,    2) (   1,    1) (   1,    3) (   1,    0) (   1,    1) (   1,    0) (   1,    1)
          (   1,    2) (   1,    2) (   1,    1) (   1,    0) (   1,    1) (   1,    1) (   1,    0) (   1,    1) (   1,    0) (   1,    1)
          (   1,    0) (   0,    1) (   1,    1) (   1,    0) (   1,    0) (   1,    0) (   1,    0) (   1,    1) (   1,    0) (   1,    0)
          (   1,    2) (   1,    1) (   1,    1) (   1,    0) (   1,    1) (   0,    0) (   1,    0) (   1,    1) (   1,    0) (   1,    2)
          (   1,    1) (   1,    2) (   1,    1) (   1,    0) (   1,    2) (   1,    1) (   1,    0) (   1,    0) (   1,    1) (   1,    3)
          (   1,    1) (   1,    4) (   1,    0) (   1,    1) (   1,    1) (   1,    0) (   1,    2) (   1,    2) (   1,    0) (   1,    1)
          (   1,    0) (   1,    0) (   1,    1) (   1,    1) (   1,    0) (   1,    1) (   1,    2) (   1,    0) (   1,    1) (   1,    0)
          (   1,    1) (   1,    1) (   1,    0) (   1,    3) (   1,    0) (   1,    3) (   1,    0) (   1,    3) (   1,    2) (   1,    1)
          (   1,    1) (   1,    1) (   1,    1) (   1,    1) (   1,    1) (   1,    1) (   1,    0) (   1,    2) (   1,    2) (   1,    0)
          (   1,    1) (   1,    1) (   1,    1) (   1,    4) (   1,    3) (   1,    0) (   1,    3) (   1,    1) (   1,    1) (   1,    0)
          (   1,    1) (   1,    0) (   1,    0) (   1,    0) (   1,    1) (   1,    0) (   1,    1) (   1,    0) (   1,    0) (   1,    1)
          (   1,    1) (   1,    0) (   1,    1) (   1,    1) (   1,    1) (   1,    1) (   1,    0) (   1,    2) (   1,    0) (   1,    1)
          (   1,    2) (   1,    3) (   1,    0) (   1,    2) (   1,    1) (   1,    0) (   1,    0) (   1,    2) (   1,    0) (   1,    1)
          (   1,    4) (   1,    2) (   1,    2) (   1,    3) (   1,    1) (   1,    2) (   1,    4) (   1,    1) (   1,    2) (   1,    1)
          (   1,    0) (   1,    3) (   1,    1) (   1,    0) (   1,    0) (   1,    2) (   1,    2) (   1,    0) (   1,    1) (   1,    2)
          (   1,    2) (   1,    0) (   1,    0) (   1,    0) (   1,    2) (   1,    3) (   1,    1) (   1,    2) (   1,    0) (   1,    0)
          (   1,    1) (   1,    0) (   1,    2) (   1,    2) (   1,    1) (   1,    1) (   1,    1) (   1,    2) (   1,    0) (   1,    2)
          (   1,    1) (   1,    2) (   1,    2) (   1,    0) (   1,    0) (   1,    1) (   1,    0) (   1,    2) (   1,    1) (   1,    3)
          (   1,    1) (   1,    1) (   1,    2) (   1,    2) (   1,    0) (   1,    1) (   1,    1) (   1,    3) (   1,    1) (   1,    2)
          (   1,    0) (   1,    1) (   1,    1) (   1,    1) (   1,    2) (   1,    1) (   1,    2) (   1,    0) (   1,    0) (   1,    0)
          (   1,    0) (   1,    1) (   1,    0) (   1,    1) (   1,    0) (   1,    2) (   1,    1) (   1,    4) (   1,    3) (   1,    1)
          (   1,    1) (   1,    0) (   1,    3) (   1,    1) (   1,    2) (   1,    2) (   1,    1) (   1,    0) (   1,    1) (   1,    2)
          (   1,    1) (   1,    0) (   1,    1) (   1,    2) (   1,    0) (   1,    0) (   1,    2) (   1,    1) (   1,    2) (   1,    0)
          (   1,    0) (   1,    0) (   1,    1) (   1,    1) (   1,    1) (   1,    2) (   1,    1) (   1,    1) (   1,    0) (   1,    0)
          (   1,    0) (   1,    1) (   1,    0) (   1,    1) (   1,    0) (   1,    1) (   1,    1) (   1,    1) (   1,    0) (   1,    0)
          (   1,    0) (   1,    0) (   1,    0) (   1,    3) (   1,    0) (   1,    1) (   1,    0) (   1,    0) (   1,    0) (   1,    2)
          (   1,    2) (   1,    2) (   1,    2) (   1,    0) (   1,    2) (   1,    2) (   1,    0) (   1,    0) (   1,    0) (   1,    1)
          (   1,    3) (   1,    2) (   1,    3) (   1,    2) (   1,    1) (   1,    1) (   1,    2) (   1,    0) (   1,    1) (   1,    1)
          (   1,    2) (   1,    2) (   1,    1) (   1,    1) (   1,    0) (   1,    1) (   1,    3) (   1,    3) (   1,    0) (   1,    0)
          (   1,    1) (   1,    0) (   1,    0) (   1,    0) (   1,    1) (   1,    1) (   1,    1) (   1,    0) (   1,    2) (   1,    1)
          (   1,    3) (   1,    1) (   1,    1) (   1,    1) (   1,    1) (   1,    0) (   1,    0) (   1,    2) (   1,    1) (   1,    0)
          (   1,    3) (   1,    2) (   1,    2) (   1,    1) (   1,    2) (   1,    0) (   1,    3) (   1,    0) (   1,    1) (   1,    1)
          (   1,    0) (   1,    1) (   1,    0) (   1,    2) (   1,    1) (   1,    0) (   1,    1) (   1,    0) (   1,    0) (   1,    2)
          (   1,    1) (   1,    3) (   1,    1) (   1,    1) (   1,    2) (   1,    2) (   1,    0) (   1,    0) (   1,    1) (   1,    2)
          (   1,    1) (   1,    1) (   1,    0) (   1,    1) (   1,    1) (   1,    2) (   1,    1) (   1,    1) (   1,    0) (   1,    1)
          (   1,    2) (   1,    0) (   1,    3) (   1,    0) (   1,    1) (   1,    1) (   1,    2) (   1,    0) (   1,    1) (   1,    1)
          (   1,    0) (   1,    1) (   1,    0) (   1,    0) (   1,    1) (   1,    2) (   1,    0) (   1,    0) (   1,    1) (   1,    0)
          (   1,    0) (   1,    1) (   1,    2) (   1,    2) (   1,    1) (   1,    0) (   1,    1) (   1,    3) (   1,    1) (   1,    2)
          (   1,    2) (   1,    1) (   1,    2) (   1,    4) (   1,    2) (   1,    2) (   1,    1) (   1,    2) (   1,    2) (   1,    1)
          (   1,    0) (   1,    2) (   1,    1) (   1,    2) (   1,    1) (   1,    2) (   1,    1) (   1,    1) (   1,    2) (   1,    1)
          (   1,    0) (   1,    0) (   1,    1) (   1,    1) (   1,    0) (   1,    1) (   1,    1) (   1,    0) (   1,    2) (   1,    2)
          (   1,    0) (   1,    2) (   1,    1) (   1,    0) (   1,    1) (   1,    0) (   1,    1) (   1,    2) (   1,    1) (   1,    3)
          (   1,    0) (   1,    0) (   1,    2) (   1,    2) (   1,    1) (   1,    1) (   1,    3) (   1,    1) (   1,    0) (   1,    0)
          (   1,    2) (   1,    0) (   1,    2) (   1,    1) (   1,    1) (   1,    0) (   1,    1) (   1,    2) (   1,    1) (   1,    1)
         
node   8 sent_total    672  recv_total    699

node   9  (   0,    0) (   0,    0) (   1,    0) (   0,    0) (   1,    1) (   1,    0) (   1,    0) (   1,    0) (   1,    2) (   1,    2)
          (   1,    0) (   1,    2) (   1,    1) (   1,    3) (   1,    3) (   1,    1) (   1,    0) (   1,    1) (   1,    1) (   1,    0)
          (   1,    1) (   1,    0) (   1,    1) (   1,    1) (   1,    2) (   1,    1) (   1,    0) (   1,    0) (   1,    1) (   1,    1)
          (   1,    1) (   1,    0) (   1,    1) (   1,    1) (   1,    1) (   1,    0) (   1,    1) (   1,    3) (   1,    3) (   1,    0)
          (   1,    1) (   1,    2) (   1,    0) (   1,    0) (   1,    0) (   1,    1) (   1,    2) (   1,    0) (   1,    2) (   1,    0)
          (   1,    0) (   1,    0) (   1,    2) (   1,    2) (   1,    1) (   0,    0) (   1,    0) (   0,    1) (   1,    3) (   1,    1)
          (   1,    2) (   1,    0) (   1,    2) (   1,    1) (   1,    0) (   1,    1) (   1,    1) (   1,    0) (   1,    1) (   1,    1)
          (   1,    0) (   1,    2) (   1,    0) (   0,    2) (   1,    2) (   1,    0) (   1,    0) (   0,    1) (   0,    1) (   1,    0)
          (   1,    1) (   1,    1) (   1,    1) (   1,    1) (   1,    0) (   0,    2) (   1,    0) (   1,    0) (   1,    1) (   1,    1)
          (   1,    1) (   0,    1) (   1,    0) (   1,    0) (   1,    0) (   1,    1) (   1,    0) (   1,    1) (   1,    0) (   1,    1)
          (   1,    0) (   1,    3) (   1,    1) (   1,    1) (   1,    0) (   1,    1) (   1,    1) (   1,    1) (   1,    0) (   1,    0)
          (   1,    1) (   1,    0) (   0,    0) (   1,    0) (   1,    1) (   1,    0) (   1,    1) (   1,    1) (   1,    3) (   1,    1)
          (   1,    0) (   1,    0) (   1,    2) (   0,    1) (   1,    2) (   1,    0) (   0,    0) (   1,    0) (   1,    3) (   1,    1)
          (   1,    2) (   1,    1) (   1,    0) (   1,    3) (   1,    1) (   1,    1) (   1,    0) (   1,    0) (   1,    1) (   1,    1)
          (   1,    0) (   1,    1) (   1,    1) (   1,    1) (   1,    0) (   1,    2) (   1,    2) (   0,    3) (   0,    0) (   0,    0)
          (   0,    0) (   1,    2) (   1,    0) (   1,    0) (   1,    0) (   1,    2) (   1,    1) (   1,    0) (   1,    1) (   1,    0)
          (   1,    1) (   1,    1) (   1,    1) (   1,    1) (   1,    2) (   1,    1) (   1,    0) (   1,    0) (   1,    1) (   1,    5)
          (   1,    0) (   0,    0) (   1,    2) (   1,    0) (   1,    0) (   1,    0) (   1,    0) (   0,    2) (   0,    2) (   1,    0)
          (   1,    1) (   1,    1) (   1,    1) (   1,    1) (   1,    0) (   0,    2) (   1,    0) (   1,    0) (   1,    0) (   1,    1)
          (   1,    1) (   1,    0) (   1,    2) (   1,    2) (   1,    0) (   1,    1) (   1,    2) (   1,    0) (   1,    2) (   1,    1)
          (   1,    2) (   0,    2) (   1,    0) (   1,    2) (   1,    0) (   0,    1) (   1,    1) (   1,    1) (   1,    1) (   1,    3)
          (   1,    0) (   1,    0) (   1,    1) (   1,    1) (   1,    2) (   1,    2) (   1,    1) (   1,    1) (   1,    1) (   1,    1)
          (   1,    2) (   1,    1) (   1,    2) (   1,    1) (   1,    1) (   1,    1) (   1,    0) (   1,    2) (   1,    2) (   1,    1)
          (   0,    1) (   1,    2) (   1,    1) (   0,    1) (   0,    0) (   1,    0) (   0,    1) (   1,    1) (   1,    1) (   1,    1)
          (   1,    1) (   1,    2) (   1,    0) (   1,    2) (   1,    0) (   1,    2) (   0,    0) (   1,    1) (   1,    0) (   1,    1)
          (   1,    3) (   1,    0) (   1,    0) (   1,    2) (   1,    1) (   1,    0) (   1,    0) (   1,    1) (   1,    1) (   1,    0)
          (   1,    1) (   1,    2) (   1,    1) (   1,    1) (   1,    0) (   1,    0) (   1,    1) (   0,    1) (   1,    2) (   1,    2)
          (   1,    2) (   1,    3) (   1,    2) (   1,    1) (   1,    1) (   1,    2) (   1,    0) (   1,    1) (   1,    0) (   1,    1)
          (   1,    0) (   1,    1) (   1,    0) (   1,    1) (   1,    0) (   1,    0) (   1,    1) (   0,    0) (   1,    1) (   1,    1)
          (   1,    1) (   1,    1) (   1,    0) (   1,    0) (   1,    2) (   1,    1) (   1,    0) (   1,    1) (   1,    0) (   1,    1)
          (   0,    0) (   1,    1) (   1,    0) (   1,    0) (   1,    1) (   1,    0) (   1,    1) (   1,    2) (   1,    4) (   1,    2)
          (   1,    3) (   1,    3) (   1,    1) (   1,    1) (   1,    1) (   1,    1) (   1,    0) (   1,    0) (   1,    1) (   1,    0)
          (   1,    1) (   1,    2) (   1,    2) (   1,    1) (   1,    2) (   1,    1) (   1,    0) (   1,    2) (   1,    4) (   1,    1)
          (   1,    1) (   1,    0) (   1,    1) (   1,    0) (   1,    1) (   1,    0) (   1,    0) (   1,    0) (   1,    1) (   1,    1)
          (   1,    1) (   1,    2) (   1,    1) (   1,    3) (   1,    0) (   1,    2) (   1,    1) (   1,    0) (   1,    0) (   1,    2)
          (   1,    3) (   1,    1) (   1,    1) (   1,    0) (   1,    0) (   1,    0) (   1,    0) (   1,    1) (   1,    0) (   1,    1)
          (   1,    0) (   1,    4) (   1,    1) (   1,    2) (   1,    2) (   1,    0) (   1,    0) (   1,    0) (   1,    0) (   1,    0)
          (   1,    3) (   1,    2) (   1,    3) (   1,    0) (   1,    2) (   1,    1) (   1,    1) (   1,    0) (   1,    0) (   1,    0)
          (   1,    2) (   1,    0) (   1,    0) (   1,    1) (   1,    2) (   1,    0) (   1,    1) (   1,    0) (   1,    1) (   1,    1)
          (   1,    0) (   1,    2) (   1,    0) (   1,    1) (   1,    0) (   1,    2) (   1,    0) (   1,    0) (   1,    0) (   1,    2)
          (   1,    0) (   1,    1) (   1,    2) (   1,    2) (   1,    0) (   1,    1) (   1,    2) (   1,    1) (   1,    0) (   1,    0)
          (   1,    0) (   1,    1) (   1,    0) (   1,    0) (   1,    3) (   1,    0) (   1,    1) (   1,    2) (   1,    3) (   1,    1)
          (   1,    1) (   1,    3) (   1,    2) (   1,    2) (   1,    0) (   1,    0) (   1,    1) (   1,    1) (   1,    0) (   1,    2)
          (   1,    1) (   1,    0) (   1,    1) (   1,    1) (   1,    0) (   1,    5) (   1,    2) (   1,    1) (   1,    0) (   1,    3)
          (   1,    0) (   1,    0) (   1,    1) (   1,    0) (   1,    1) (   1,    1) (   1,    1) (   1,    1) (   1,    2) (   1,    0)
          (   1,    0) (   1,    0) (   1,    1) (   1,    2) (   1,    1) (   1,    0) (   1,    0) (   1,    0) (   1,    1) (   1,    0)
          (   1,    0) (   1,    1) (   1,    0) (   1,    1) (   1,    0) (   1,    0) (   1,    1) (   1,    3) (   1,    0) (   1,    2)
          (   1,    0) (   1,    0) (   1,    0) (   1,    0) (   1,    0) (   1,    0) (   1,    2) (   1,    0) (   1,    0) (   1,    2)
          (   1,    3) (   1,    1) (   1,    0) (   1,    0) (   1,    0) (   1,    4) (   1,    2) (   1,    0) (   1,    3) (   1,    0)
          (   1,    1) (   1,    1) (   1,    0) (   1,    0) (   1,    3) (   1,    0) (   1,    0) (   1,    0) (   1,    1) (   1,    0)
          (   1,    0) (   1,    2) (   1,    1) (   1,    2) (   1,    0) (   1,    0) (   1,    0) (   1,    0) (   1,    1) (   1,    1)
          (   1,    0) (   1,    1) (   1,    2) (   1,    0) (   1,    0) (   1,    0) (   1,    1) (   1,    0) (   1,    1) (   1,    0)
          (   1,    1) (   1,    0) (   1,    0) (   1,    2) (   1,    0) (   1,    0) (   1,    1) (   1,    1) (   1,    1) (   1,    1)
          (   1,    1) (   1,    0) (   1,    0) (   1,    0) (   1,    1) (   1,    1) (   1,    1) (   1,    1) (   1,    1) (   1,    2)
          (   1,    0) (   1,    0) (   1,    0) (   1,    0) (   1,    2) (   1,    4) (   1,    2) (   1,    1) (   1,    1) (   1,    0)
          (   1,    1) (   1,    3) (   1,    1) (   1,    2) (   1,    3) (   1,    1) (   1,    0) (   1,    1) (   1,    0) (   1,    1)
          (   1,    1) (   1,    2) (   1,    0) (   1,    1) (   1,    3) (   1,    2) (   1,    0) (   1,    0) (   1,    1) (   1,    2)
          (   1,    2) (   1,    0) (   1,    1) (   1,    1) (   1,    1) (   1,    0) (   1,    0) (   1,    1) (   1,    2) (   1,    2)
          (   1,    3) (   1,    2) (   1,    0) (   1,    0) (   1,    2) (   1,    1) (   1,    0) (   1,    0) (   1,    1) (   1,    1)
          (   1,    2) (   1,    0) (   1,    0) (   1,    1) (   1,    1) (   1,    0) (   1,    2) (   1,    2) (   1,    2) (   1,    1)
          (   1,    0) (   1,    2) (   1,    1) (   1,    2) (   1,    3) (   1,    2) (   1,    2) (   1,    6) (   1,    1) (   1,    1)
          (   1,    1) (   1,    1) (   1,    1) (   1,    2) (   1,    1) (   1,    0) (   1,    2) (   1,    1) (   1,    1) (   1,    1)
          (   1,    3) (   1,    0) (   1,    2) (   1,    3) (   1,    2) (   1,    0) (   1,    3) (   1,    0) (   1,    2) (   1,    1)
          (   1,    1) (   1,    2) (   1,    0) (   1,    1) (   1,    0) (   1,    2) (   1,    0) (   1,    1) (   1,    1) (   1,    2)
          (   1,    1) (   1,    1) (   1,    0) (   1,    0) (   1,    0) (   1,    1) (   1,    0) (   1,    0) (   1,    1) (   1,    1)
          (   1,    0) (   1,    1) (   1,    0) (   1,    1) (   1,    0) (   1,    1) (   1,    1) (   1,    1) (   1,    3) (   1,    1)
          (   1,    1) (   1,    1) (   1,    1) (   1,    1) (   1,    0) (   1,    0) (   1,    1) (   1,    2) (   1,    2) (   1,    0)
          (   1,    3) (   1,    0) (   1,    1) (   1,    2) (   1,    1) (   1,    2) (   1,    3) (   1,    1) (   1,    0) (   1,    0)
          (   1,    0) (   1,    0) (   1,    0) (   1,    1) (   1,    1) (   1,    2) (   1,    1) (   1,    2) (   1,    2) (   1,    1)
          (   1,    0) (   1,    1) (   1,    1) (   1,    2) (   1,    0) (   1,    0) (   1,    0) (   1,    1) (   1,    0) (   1,    1)
         
node   9 sent_total    669  recv_total    659

node  10  (   0,    0) (   0,    0) (   1,    0) (   0,    0) (   1,    1) (   1,    0) (   1,    1) (   1,    0) (   1,    2) (   1,    2)
          (   1,    1) (   1,    0) (   1,    1) (   1,    1) (   1,    1) (   1,    1) (   1,    1) (   1,    1) (   1,    2) (   1,    2)
          (   1,    2) (   1,    2) (   1,    2) (   1,    1) (   1,    0) (   1,    1) (   1,    1) (   1,    1) (   1,    1) (   1,    1)
          (   1,    0) (   1,    1) (   1,    1) (   1,    2) (   1,    0) (   1,    0) (   1,    1) (   1,    2) (   1,    2) (   1,    1)
          (   1,    1) (   1,    0) (   1,    0) (   1,    3) (   1,    1) (   1,    1) (   1,    0) (   1,    0) (   1,    0) (   1,    1)
          (   1,    1) (   1,    3) (   1,    1) (   1,    2) (   1,    0) (   0,    1) (   1,    0) (   1,    1) (   1,    1) (   1,    2)
          (   0,    0) (   1,    1) (   1,    1) (   1,    0) (   1,    0) (   1,    1) (   1,    0) (   1,    0) (   0,    2) (   1,    1)
          (   0,    0) (   0,    1) (   1,    2) (   1,    0) (   1,    0) (   1,    3) (   1,    0) (   1,    0) (   1,    1) (   1,    0)
          (   0,    0) (   1,    2) (   1,    0) (   0,    1) (   1,    0) (   1,    0) (   1,    0) (   1,    1) (   1,    0) (   1,    1)
          (   1,    2) (   1,    0) (   1,    1) (   1,    3) (   1,    3) (   0,    2) (   1,    1) (   1,    2) (   1,    0) (   1,    1)
          (   1,    0) (   1,    1) (   1,    0) (   1,    0) (   1,    1) (   1,    1) (   1,    1) (   1,    0) (   1,    0) (   1,    3)
          (   1,    0) (   1,    0) (   1,    0) (   1,    1) (   1,    2) (   1,    0) (   1,    0) (   1,    0) (   1,    0) (   1,    2)
          (   1,    2) (   1,    0) (   1,    1) (   1,    1) (   1,    1) (   1,    2) (   1,    1) (   1,    0) (   0,    0) (   1,    0)
          (   1,    0) (   1,    0) (   1,    2) (   1,    0) (   1,    1) (   1,    1) (   1,    1) (   1,    1) (   1,    2) (   0,    1)
          (   1,    2) (   0,    0) (   1,    2) (   1,    0) (   1,    0) (   0,    0) (   1,    1) (   1,    1) (   1,    2) (   1,    1)
          (   1,    0) (   0,    0) (   1,    0) (   1,    0) (   1,    1) (   1,    1) (   1,    1) (   1,    0) (   1,    1) (   1,    2)
          (   1,    1) (   1,    1) (   1,    2) (   1,    2) (   1,    2) (   1,    1) (   1,    0) (   1,    4) (   1,    1) (   1,    0)
          (   1,    0) (   1,    3) (   1,    1) (   1,    1) (   1,    2) (   1,    1) (   1,    1) (   1,    0) (   1,    0) (   1,    1)
          (   1,    0) (   1,    0) (   1,    1) (   1,    1) (   1,    2) (   1,    1) (   0,    2) (   1,    1) (   1,    2) (   1,    0)
          (   1,    0) (   1,    0) (   1,    1) (   1,    0) (   1,    1) (   1,    0) (   1,    1) (   1,    1) (   1,    1) (   1,    1)
          (   1,    1) (   0,    2) (   1,    0) (   1,    2) (   0,    1) (   1,    1) (   1,    2) (   1,    0) (   1,    1) (   0,    0)
          (   1,    0) (   1,    0) (   1,    0) (   1,    1) (   1,    1) (   1,    0) (   1,    1) (   1,    2) (   1,    1) (   1,    1)
          (   1,    1) (   1,    1) (   1,    1) (   0,    2) (   1,    0) (   1,    2) (   1,    0) (   1,    0) (   1,    0) (   1,    0)
          (   1,    1) (   0,    0) (   1,    1) (   1,    1) (   1,    0) (   1,    0) (   1,    1) (   1,    1) (   1,    1) (   1,    2)
          (   1,    1) (   1,    1) (   1,    1) (   1,    2) (   1,    1) (   1,    1) (   1,    1) (   1,    0) (   1,    1) (   1,    0)
          (   1,    0) (   1,    1) (   1,    0) (   1,    0) (   1,    0) (   1,    0) (   1,    1) (   1,    1) (   1,    0) (   1,    1)
          (   1,    0) (   1,    0) (   0,    1) (   1,    0) (   1,    1) (   1,    0) (   1,    3) (   1,    1) (   1,    0) (   1,    1)
          (   1,    0) (   1,    0) (   1,    1) (   1,    1) (   1,    1) (   1,    0) (   1,    1) (   1,    0) (   1,    3) (   1,    1)
          (   1,    2) (   1,    0) (   1,    0) (   1,    2) (   1,    1) (   1,    0) (   1,    0) (   1,    0) (   1,    1) (   1,    4)
          (   1,    1) (   1,    0) (   1,    0) (   1,    0) (   1,    0) (   1,    1) (   1,    2) (   1,    1) (   1,    2) (   1,    4)
          (   0,    2) (   1,    0) (   1,    1) (   1,    4) (   1,    1) (   1,    1) (   1,    0) (   1,    0) (   1,    0) (   1,    1)
          (   1,    2) (   1,    0) (   1,    2) (   1,    1) (   1,    0) (   1,    1) (   1,    1) (   1,    2) (   1,    3) (   1,    1)
          (   1,    0) (   1,    1) (   1,    0) (   1,    1) (   1,    0) (   1,    1) (   1,    1) (   1,    1) (   1,    0) (   1,    0)
          (   1,    0) (   1,    0) (   1,    1) (   1,    1) (   1,    1) (   1,    2) (   1,    2) (   1,    2) (   1,    0) (   1,    0)
          (   1,    1) (   1,    2) (   1,    1) (   1,    1) (   1,    2) (   1,    1) (   1,    0) (   1,    1) (   1,    1) (   1,    2)
          (   1,    1) (   1,    0) (   1,    2) (   1,    0) (   1,    0) (   1,    0) (   1,    1) (   1,    1) (   1,    1) (   1,    0)
          (   1,    1) (   1,    1) (   1,    2) (   1,    1) (   1,    1) (   1,    1) (   1,    3) (   1,    2) (   1,    0) (   1,    0)
          (   1,    0) (   1,    1) (   1,    1) (   1,    2) (   1,    1) (   1,    1) (   1,    2) (   1,    1) (   1,    2) (   1,    1)
          (   1,    0) (   1,    1) (   1,    3) (   1,    0) (   1,    0) (   1,    1) (   1,    1) (   1,    0) (   1,    0) (   1,    2)
          (   1,    1) (   1,    0) (   1,    0) (   1,    1) (   1,    1) (   1,    0) (   1,    0) (   1,    0) (   1,    2) (   1,    0)
          (   1,    1) (   1,    0) (   1,    1) (   1,    1) (   1,    2) (   1,    1) (   1,    1) (   1,    1) (   1,    0) (   1,    0)
          (   1,    0) (   1,    2) (   1,    1) (   1,    2) (   1,    0) (   1,    1) (   1,    2) (   1,    0) (   1,    3) (   1,    1)
          (   1,    2) (   1,    0) (   1,    0) (   1,    1) (   1,    2) (   1,    0) (   1,    0) (   1,    1) (   1,    0) (   1,    1)
          (   1,    1) (   1,    1) (   1,    2) (   1,    1) (   1,    0) (   1,    1) (   1,    1) (   1,    1) (   1,    2) (   1,    0)
          (   1,    4) (   1,    1) (   1,    0) (   1,    1) (   1,    0) (   1,    3) (   1,    3) (   1,    0) (   1,    1) (   1,    1)
          (   1,    1) (   1,    2) (   1,    3) (   1,    1) (   1,    0) (   1,    2) (   1,    4) (   1,    1) (   1,    1) (   1,    2)
          (   1,    1) (   1,    1) (   1,    0) (   1,    0) (   1,    4) (   1,    1) (   1,    1) (   1,    0) (   1,    0) (   1,    1)
          (   1,    0) (   1,    1) (   1,    0) (   1,    0) (   1,    2) (   1,    1) (   1,    0) (   1,    3) (   1,    1) (   1,    1)
          (   1,    0) (   1,    0) (   1,    1) (   1,    1) (   1,    2) (   1,    0) (   1,    2) (   1,    1) (   1,    0) (   1,    0)
          (   1,    3) (   1,    1) (   1,    0) (   1,    1) (   1,    0) (   1,    2) (   1,    0) (   1,    1) (   1,    1) (   1,    1)
          (   1,    1) (   1,    1) (   1,    1) (   1,    0) (   1,    3) (   1,    0) (   1,    1) (   1,    2) (   1,    0) (   1,    1)
          (   1,    1) (   1,    0) (   1,    1) (   1,    1) (   1,    3) (   1,    0) (   1,    2) (   1,    1) (   1,    1) (   1,    0)
          (   1,    1) (   1,    0) (   1,    1) (   1,    2) (   1,    0) (   1,    1) (   1,    2) (   1,    0) (   1,    1) (   1,    0)
          (   1,    0) (   1,    2) (   1,    1) (   1,    0) (   1,    0) (   1,    0) (   1,    1) (   1,    0) (   1,    0) (   1,    1)
          (   1,    2) (   1,    1) (   1,    1) (   1,    3) (   1,    1) (   1,    1) (   1,    0) (   1,    0) (   1,    0) (   1,    0)
          (   1,    0) (   1,    1) (   1,    0) (   1,    1) (   1,    1) (   1,    0) (   1,    0) (   1,    0) (   1,    1) (   1,    1)
          (   1,    0) (   1,    1) (   1,    1) (   1,    1) (   1,    0) (   1,    1) (   1,    1) (   1,    4) (   1,    0) (   1,    0)
          (   1,    1) (   1,    0) (   1,    1) (   1,    0) (   1,    0) (   1,    1) (   1,    0) (   1,    2) (   1,    1) (   1,    0)
          (   1,    0) (   1,    0) (   1,    0) (   1,    1) (   1,    1) (   1,    1) (   1,    1) (   1,    1) (   1,    0) (   1,    0)
          (   1,    0) (   1,    0) (   1,    2) (   1,    2) (   1,    0) (   1,    0) (   1,    2) (   1,    0) (   1,    1) (   1,    3)
          (   1,    2) (   1,    0) (   1,    1) (   1,    0) (   1,    0) (   1,    0) (   1,    1) (   1,    0) (   1,    1) (   1,    1)
          (   1,    0) (   1,    0) (   1,    3) (   1,    2) (   1,    0) (   1,    0) (   1,    2) (   1,    2) (   1,    1) (   1,    1)
          (   1,    0) (   1,    0) (   1,    0) (   1,    0) (   1,    0) (   1,    0) (   1,    1) (   1,    3) (   1,    1) (   1,    1)
          (   1,    1) (   1,    1) (   1,    1) (   1,    3) (   1,    1) (   1,    0) (   1,    1) (   1,    0) (   1,    0) (   1,    0)
          (   1,    0) (   1,    1) (   1,    0) (   1,    0) (   1,    2) (   1,    2) (   1,    0) (   1,    1) (   1,    4) (   1,    0)
          (   1,    1) (   1,    1) (   1,    1) (   1,    1) (   1,    0) (   1,    0) (   1,    0) (   1,    2) (   1,    0) (   1,    1)
          (   1,    2) (   1,    3) (   1,    2) (   1,    1) (   1,    2) (   1,    1) (   1,    2) (   1,    0) (   1,    1) (   1,    1)
          (   1,    1) (   1,    0) (   1,    1) (   1,    1) (   1,    1) (   1,    1) (   1,    0) (   1,    2) (   1,    1) (   1,    2)
          (   1,    0) (   1,    0) (   1,    0) (   1,    0) (   1,    1) (   1,    1) (   1,    1) (   1,    3) (   1,    2) (   1,    2)
          (   1,    0) (   1,    0) (   1,    2) (   1,    3) (   1,    0) (   1,    1) (   1,    1) (   1,    1) (   1,    1) (   1,    3)
         
node  10 sent_total    676  recv_total    623

